000 (491704.000.000) 04/10 22:23:10 Job submitted from host: <192.168.2.254:39732>
...
013 (491704.000.000) 04/10 22:23:25 Job was released.
	via condor_release (by user condor)
...
001 (491704.000.000) 04/10 22:23:44 Job executing on host: <192.168.2.59:53061>
...
Job start: host=twqcd58, JOB_ID=491704, GPU_ID=0, wdir=/work/d06222003/hw3/Problem_3/CPU
006 (491704.000.000) 04/10 22:28:54 Image size of job updated: 44377012
...
004 (491704.000.000) 04/10 22:53:56 Job was evicted.
	(0) Job was not checkpointed.
		Usr 0 00:29:28, Sys 0 00:00:08  -  Run Remote Usage
		Usr 0 00:00:00, Sys 0 00:00:00  -  Run Local Usage
	0  -  Run Bytes Sent By Job
	0  -  Run Bytes Received By Job
...
009 (491704.000.000) 04/10 22:53:56 Job was aborted by the user.
	via condor_rm (by user condor)
...
000 (491710.000.000) 04/11 00:06:40 Job submitted from host: <192.168.2.254:39732>
...
013 (491710.000.000) 04/11 00:06:46 Job was released.
	via condor_release (by user condor)
...
001 (491710.000.000) 04/11 00:07:06 Job executing on host: <192.168.2.59:53061>
...
Job start: host=twqcd58, JOB_ID=491710, GPU_ID=0, wdir=/work/d06222003/hw3/Problem_3/CPU
006 (491710.000.000) 04/11 00:12:14 Image size of job updated: 44377012
...
004 (491710.000.000) 04/11 00:14:19 Job was evicted.
	(0) Job was not checkpointed.
		Usr 0 00:06:44, Sys 0 00:00:08  -  Run Remote Usage
		Usr 0 00:00:00, Sys 0 00:00:00  -  Run Local Usage
	0  -  Run Bytes Sent By Job
	0  -  Run Bytes Received By Job
...
009 (491710.000.000) 04/11 00:14:19 Job was aborted by the user.
	via condor_rm (by user d06222003)
...
000 (491712.000.000) 04/11 00:16:51 Job submitted from host: <192.168.2.254:39732>
...
013 (491712.000.000) 04/11 00:16:56 Job was released.
	via condor_release (by user condor)
...
001 (491712.000.000) 04/11 00:17:10 Job executing on host: <192.168.2.8:52172>
...
Job start: host=twqcd7, JOB_ID=491712, GPU_ID=0, wdir=/work/d06222003/hw3/Problem_3/CPU
006 (491712.000.000) 04/11 00:22:18 Image size of job updated: 42270416
...
004 (491712.000.000) 04/11 00:34:34 Job was evicted.
	(0) Job was not checkpointed.
		Usr 0 00:17:21, Sys 0 00:00:01  -  Run Remote Usage
		Usr 0 00:00:00, Sys 0 00:00:00  -  Run Local Usage
	0  -  Run Bytes Sent By Job
	0  -  Run Bytes Received By Job
...
009 (491712.000.000) 04/11 00:34:34 Job was aborted by the user.
	via condor_rm (by user d06222003)
...
000 (491713.000.000) 04/11 00:42:03 Job submitted from host: <192.168.2.254:39732>
...
013 (491713.000.000) 04/11 00:42:14 Job was released.
	via condor_release (by user condor)
...
001 (491713.000.000) 04/11 00:42:24 Job executing on host: <192.168.2.8:52172>
...
Job start: host=twqcd7, JOB_ID=491713, GPU_ID=0, wdir=/work/d06222003/hw3/Problem_3/CPU
005 (491713.000.000) 04/11 00:42:26 Job terminated.
	(1) Normal termination (return value 0)
		Usr 0 00:00:00, Sys 0 00:00:00  -  Run Remote Usage
		Usr 0 00:00:00, Sys 0 00:00:00  -  Run Local Usage
		Usr 0 00:00:00, Sys 0 00:00:00  -  Total Remote Usage
		Usr 0 00:00:00, Sys 0 00:00:00  -  Total Local Usage
	0  -  Run Bytes Sent By Job
	0  -  Run Bytes Received By Job
	0  -  Total Bytes Sent By Job
	0  -  Total Bytes Received By Job
...
000 (491714.000.000) 04/11 00:46:53 Job submitted from host: <192.168.2.254:39732>
...
013 (491714.000.000) 04/11 00:46:54 Job was released.
	via condor_release (by user condor)
...
001 (491714.000.000) 04/11 00:47:14 Job executing on host: <192.168.2.8:52172>
...
Job start: host=twqcd7, JOB_ID=491714, GPU_ID=0, wdir=/work/d06222003/hw3/Problem_3/CPU
005 (491714.000.000) 04/11 00:47:16 Job terminated.
	(1) Normal termination (return value 0)
		Usr 0 00:00:00, Sys 0 00:00:00  -  Run Remote Usage
		Usr 0 00:00:00, Sys 0 00:00:00  -  Run Local Usage
		Usr 0 00:00:00, Sys 0 00:00:00  -  Total Remote Usage
		Usr 0 00:00:00, Sys 0 00:00:00  -  Total Local Usage
	0  -  Run Bytes Sent By Job
	0  -  Run Bytes Received By Job
	0  -  Total Bytes Sent By Job
	0  -  Total Bytes Received By Job
...
000 (491717.000.000) 04/11 01:36:30 Job submitted from host: <192.168.2.254:39732>
...
013 (491717.000.000) 04/11 01:36:39 Job was released.
	via condor_release (by user condor)
...
001 (491717.000.000) 04/11 01:36:52 Job executing on host: <192.168.2.8:52172>
...
Job start: host=twqcd7, JOB_ID=491717, GPU_ID=0, wdir=/work/d06222003/hw3/Problem_3/CPU
005 (491717.000.000) 04/11 01:36:54 Job terminated.
	(1) Normal termination (return value 0)
		Usr 0 00:00:00, Sys 0 00:00:00  -  Run Remote Usage
		Usr 0 00:00:00, Sys 0 00:00:00  -  Run Local Usage
		Usr 0 00:00:00, Sys 0 00:00:00  -  Total Remote Usage
		Usr 0 00:00:00, Sys 0 00:00:00  -  Total Local Usage
	0  -  Run Bytes Sent By Job
	0  -  Run Bytes Received By Job
	0  -  Total Bytes Sent By Job
	0  -  Total Bytes Received By Job
...
000 (491722.000.000) 04/11 01:58:14 Job submitted from host: <192.168.2.254:39732>
...
013 (491722.000.000) 04/11 01:58:22 Job was released.
	via condor_release (by user condor)
...
001 (491722.000.000) 04/11 01:58:41 Job executing on host: <192.168.2.59:53061>
...
Job start: host=twqcd58, JOB_ID=491722, GPU_ID=1, wdir=/work/d06222003/hw3/Problem_3/CPU
005 (491722.000.000) 04/11 01:58:41 Job terminated.
	(1) Normal termination (return value 0)
		Usr 0 00:00:00, Sys 0 00:00:00  -  Run Remote Usage
		Usr 0 00:00:00, Sys 0 00:00:00  -  Run Local Usage
		Usr 0 00:00:00, Sys 0 00:00:00  -  Total Remote Usage
		Usr 0 00:00:00, Sys 0 00:00:00  -  Total Local Usage
	0  -  Run Bytes Sent By Job
	0  -  Run Bytes Received By Job
	0  -  Total Bytes Sent By Job
	0  -  Total Bytes Received By Job
...
000 (491724.000.000) 04/11 02:06:11 Job submitted from host: <192.168.2.254:39732>
...
013 (491724.000.000) 04/11 02:06:21 Job was released.
	via condor_release (by user condor)
...
001 (491724.000.000) 04/11 02:06:36 Job executing on host: <192.168.2.8:52172>
...
Job start: host=twqcd7, JOB_ID=491724, GPU_ID=0, wdir=/work/d06222003/hw3/Problem_3/CPU
005 (491724.000.000) 04/11 02:06:38 Job terminated.
	(1) Normal termination (return value 0)
		Usr 0 00:00:00, Sys 0 00:00:00  -  Run Remote Usage
		Usr 0 00:00:00, Sys 0 00:00:00  -  Run Local Usage
		Usr 0 00:00:00, Sys 0 00:00:00  -  Total Remote Usage
		Usr 0 00:00:00, Sys 0 00:00:00  -  Total Local Usage
	0  -  Run Bytes Sent By Job
	0  -  Run Bytes Received By Job
	0  -  Total Bytes Sent By Job
	0  -  Total Bytes Received By Job
...
000 (491725.000.000) 04/11 02:09:07 Job submitted from host: <192.168.2.254:39732>
...
013 (491725.000.000) 04/11 02:09:22 Job was released.
	via condor_release (by user condor)
...
009 (491725.000.000) 04/11 02:09:30 Job was aborted by the user.
	via condor_rm (by user d06222003)
...
000 (491726.000.000) 04/11 02:11:02 Job submitted from host: <192.168.2.254:39732>
...
013 (491726.000.000) 04/11 02:11:18 Job was released.
	via condor_release (by user condor)
...
001 (491726.000.000) 04/11 02:11:23 Job executing on host: <192.168.2.8:52172>
...
005 (491726.000.000) 04/11 02:11:23 Job terminated.
	(1) Normal termination (return value 1)
		Usr 0 00:00:00, Sys 0 00:00:00  -  Run Remote Usage
		Usr 0 00:00:00, Sys 0 00:00:00  -  Run Local Usage
		Usr 0 00:00:00, Sys 0 00:00:00  -  Total Remote Usage
		Usr 0 00:00:00, Sys 0 00:00:00  -  Total Local Usage
	0  -  Run Bytes Sent By Job
	0  -  Run Bytes Received By Job
	0  -  Total Bytes Sent By Job
	0  -  Total Bytes Received By Job
...
000 (491727.000.000) 04/11 02:18:20 Job submitted from host: <192.168.2.254:39732>
...
013 (491727.000.000) 04/11 02:18:27 Job was released.
	via condor_release (by user condor)
...
001 (491727.000.000) 04/11 02:18:43 Job executing on host: <192.168.2.8:52172>
...
Job start: host=twqcd7, JOB_ID=491727, GPU_ID=0, wdir=/work/d06222003/hw3/Problem_3/CPU
006 (491727.000.000) 04/11 02:23:53 Image size of job updated: 42401492
...
004 (491727.000.000) 04/11 02:48:59 Job was evicted.
	(0) Job was not checkpointed.
		Usr 0 00:29:47, Sys 0 00:00:01  -  Run Remote Usage
		Usr 0 00:00:00, Sys 0 00:00:00  -  Run Local Usage
	0  -  Run Bytes Sent By Job
	0  -  Run Bytes Received By Job
...
009 (491727.000.000) 04/11 02:48:59 Job was aborted by the user.
	via condor_rm (by user condor)
...
000 (492003.000.000) 04/11 10:32:02 Job submitted from host: <192.168.2.254:39732>
...
000 (492004.000.000) 04/11 10:33:32 Job submitted from host: <192.168.2.254:39732>
...
009 (492003.000.000) 04/11 10:33:48 Job was aborted by the user.
	via condor_rm (by user d06222003)
...
009 (492004.000.000) 04/11 10:35:01 Job was aborted by the user.
	via condor_rm (by user d06222003)
...
000 (492005.000.000) 04/11 10:36:05 Job submitted from host: <192.168.2.254:39732>
...
013 (492005.000.000) 04/11 10:40:36 Job was released.
	via condor_release (by user condor)
...
001 (492005.000.000) 04/11 10:40:54 Job executing on host: <192.168.2.8:52172>
...
Job start: host=twqcd7, JOB_ID=492005, GPU_ID=1, wdir=/work/d06222003/hw3/Problem_3/CPU
006 (492005.000.000) 04/11 10:41:03 Image size of job updated: 42338004
...
005 (492005.000.000) 04/11 10:41:14 Job terminated.
	(1) Normal termination (return value 0)
		Usr 0 00:00:08, Sys 0 00:00:00  -  Run Remote Usage
		Usr 0 00:00:00, Sys 0 00:00:00  -  Run Local Usage
		Usr 0 00:00:08, Sys 0 00:00:00  -  Total Remote Usage
		Usr 0 00:00:00, Sys 0 00:00:00  -  Total Local Usage
	0  -  Run Bytes Sent By Job
	0  -  Run Bytes Received By Job
	0  -  Total Bytes Sent By Job
	0  -  Total Bytes Received By Job
...
000 (492007.000.000) 04/11 10:50:53 Job submitted from host: <192.168.2.254:39732>
...
013 (492007.000.000) 04/11 10:51:04 Job was released.
	via condor_release (by user condor)
...
001 (492007.000.000) 04/11 10:51:15 Job executing on host: <192.168.2.59:53061>
...
Job start: host=twqcd58, JOB_ID=492007, GPU_ID=0, wdir=/work/d06222003/hw3/Problem_3/CPU
006 (492007.000.000) 04/11 10:56:26 Image size of job updated: 42286804
...
005 (492007.000.000) 04/11 11:00:26 Job terminated.
	(1) Normal termination (return value 0)
		Usr 0 00:08:57, Sys 0 00:00:01  -  Run Remote Usage
		Usr 0 00:00:00, Sys 0 00:00:00  -  Run Local Usage
		Usr 0 00:08:57, Sys 0 00:00:01  -  Total Remote Usage
		Usr 0 00:00:00, Sys 0 00:00:00  -  Total Local Usage
	0  -  Run Bytes Sent By Job
	0  -  Run Bytes Received By Job
	0  -  Total Bytes Sent By Job
	0  -  Total Bytes Received By Job
...
000 (492009.000.000) 04/11 11:16:16 Job submitted from host: <192.168.2.254:39732>
...
013 (492009.000.000) 04/11 11:16:22 Job was released.
	via condor_release (by user condor)
...
001 (492009.000.000) 04/11 11:16:38 Job executing on host: <192.168.2.8:52172>
...
Job start: host=twqcd7, JOB_ID=492009, GPU_ID=0, wdir=/work/d06222003/hw3/Problem_3/CPU
006 (492009.000.000) 04/11 11:21:46 Image size of job updated: 42401492
...
004 (492009.000.000) 04/11 11:46:43 Job was evicted.
	(0) Job was not checkpointed.
		Usr 0 00:30:01, Sys 0 00:00:01  -  Run Remote Usage
		Usr 0 00:00:00, Sys 0 00:00:00  -  Run Local Usage
	0  -  Run Bytes Sent By Job
	0  -  Run Bytes Received By Job
...
009 (492009.000.000) 04/11 11:46:43 Job was aborted by the user.
	via condor_rm (by user condor)
...
000 (492067.000.000) 04/11 13:00:47 Job submitted from host: <192.168.2.254:39732>
...
013 (492067.000.000) 04/11 13:00:59 Job was released.
	via condor_release (by user condor)
...
001 (492067.000.000) 04/11 13:01:09 Job executing on host: <192.168.2.8:52172>
...
Job start: host=twqcd7, JOB_ID=492067, GPU_ID=0, wdir=/work/d06222003/hw3/Problem_3/CPU
006 (492067.000.000) 04/11 13:06:19 Image size of job updated: 42286804
...
005 (492067.000.000) 04/11 13:11:41 Job terminated.
	(1) Normal termination (return value 0)
		Usr 0 00:10:27, Sys 0 00:00:01  -  Run Remote Usage
		Usr 0 00:00:00, Sys 0 00:00:00  -  Run Local Usage
		Usr 0 00:10:27, Sys 0 00:00:01  -  Total Remote Usage
		Usr 0 00:00:00, Sys 0 00:00:00  -  Total Local Usage
	0  -  Run Bytes Sent By Job
	0  -  Run Bytes Received By Job
	0  -  Total Bytes Sent By Job
	0  -  Total Bytes Received By Job
...
000 (492072.000.000) 04/11 14:13:42 Job submitted from host: <192.168.2.254:39732>
...
013 (492072.000.000) 04/11 14:13:46 Job was released.
	via condor_release (by user condor)
...
001 (492072.000.000) 04/11 14:13:49 Job executing on host: <192.168.2.8:52172>
...
Job start: host=twqcd7, JOB_ID=492072, GPU_ID=0, wdir=/work/d06222003/hw3/Problem_3/CPU
005 (492072.000.000) 04/11 14:13:52 Job terminated.
	(1) Normal termination (return value 0)
		Usr 0 00:00:00, Sys 0 00:00:00  -  Run Remote Usage
		Usr 0 00:00:00, Sys 0 00:00:00  -  Run Local Usage
		Usr 0 00:00:00, Sys 0 00:00:00  -  Total Remote Usage
		Usr 0 00:00:00, Sys 0 00:00:00  -  Total Local Usage
	0  -  Run Bytes Sent By Job
	0  -  Run Bytes Received By Job
	0  -  Total Bytes Sent By Job
	0  -  Total Bytes Received By Job
...
