000 (490020.000.000) 03/30 00:21:28 Job submitted from host: <192.168.2.254:36667>
...
013 (490020.000.000) 03/30 00:21:33 Job was released.
	via condor_release (by user condor)
...
001 (490020.000.000) 03/30 00:21:50 Job executing on host: <192.168.2.8:53405>
...
Job start: host=twqcd7, JOB_ID=490020, GPU_ID=0, wdir=/work/d06222003/hw3/GPU_Tex
005 (490020.000.000) 03/30 00:22:16 Job terminated.
	(1) Normal termination (return value 139)
		Usr 0 00:00:12, Sys 0 00:00:01  -  Run Remote Usage
		Usr 0 00:00:00, Sys 0 00:00:00  -  Run Local Usage
		Usr 0 00:00:12, Sys 0 00:00:01  -  Total Remote Usage
		Usr 0 00:00:00, Sys 0 00:00:00  -  Total Local Usage
	0  -  Run Bytes Sent By Job
	0  -  Run Bytes Received By Job
	0  -  Total Bytes Sent By Job
	0  -  Total Bytes Received By Job
...
000 (490021.000.000) 03/30 00:28:57 Job submitted from host: <192.168.2.254:36667>
...
013 (490021.000.000) 03/30 00:28:58 Job was released.
	via condor_release (by user condor)
...
000 (490022.000.000) 03/30 00:28:58 Job submitted from host: <192.168.2.254:36667>
...
000 (490023.000.000) 03/30 00:29:00 Job submitted from host: <192.168.2.254:36667>
...
000 (490024.000.000) 03/30 00:29:01 Job submitted from host: <192.168.2.254:36667>
...
000 (490025.000.000) 03/30 00:29:03 Job submitted from host: <192.168.2.254:36667>
...
000 (490026.000.000) 03/30 00:29:04 Job submitted from host: <192.168.2.254:36667>
...
000 (490027.000.000) 03/30 00:29:05 Job submitted from host: <192.168.2.254:36667>
...
000 (490028.000.000) 03/30 00:29:07 Job submitted from host: <192.168.2.254:36667>
...
000 (490029.000.000) 03/30 00:29:08 Job submitted from host: <192.168.2.254:36667>
...
000 (490030.000.000) 03/30 00:29:09 Job submitted from host: <192.168.2.254:36667>
...
000 (490031.000.000) 03/30 00:29:11 Job submitted from host: <192.168.2.254:36667>
...
001 (490021.000.000) 03/30 00:29:12 Job executing on host: <192.168.2.8:53405>
...
Job start: host=twqcd7, JOB_ID=490021, GPU_ID=0, wdir=/work/d06222003/hw3/GPU_Tex
000 (490032.000.000) 03/30 00:29:12 Job submitted from host: <192.168.2.254:36667>
...
005 (490021.000.000) 03/30 00:29:13 Job terminated.
	(1) Normal termination (return value 136)
		Usr 0 00:00:00, Sys 0 00:00:00  -  Run Remote Usage
		Usr 0 00:00:00, Sys 0 00:00:00  -  Run Local Usage
		Usr 0 00:00:00, Sys 0 00:00:00  -  Total Remote Usage
		Usr 0 00:00:00, Sys 0 00:00:00  -  Total Local Usage
	0  -  Run Bytes Sent By Job
	0  -  Run Bytes Received By Job
	0  -  Total Bytes Sent By Job
	0  -  Total Bytes Received By Job
...
000 (490033.000.000) 03/30 00:29:14 Job submitted from host: <192.168.2.254:36667>
...
013 (490022.000.000) 03/30 00:29:15 Job was released.
	via condor_release (by user condor)
...
000 (490034.000.000) 03/30 00:29:15 Job submitted from host: <192.168.2.254:36667>
...
000 (490035.000.000) 03/30 00:29:16 Job submitted from host: <192.168.2.254:36667>
...
000 (490036.000.000) 03/30 00:29:18 Job submitted from host: <192.168.2.254:36667>
...
000 (490037.000.000) 03/30 00:29:20 Job submitted from host: <192.168.2.254:36667>
...
000 (490038.000.000) 03/30 00:29:21 Job submitted from host: <192.168.2.254:36667>
...
000 (490039.000.000) 03/30 00:29:22 Job submitted from host: <192.168.2.254:36667>
...
000 (490040.000.000) 03/30 00:29:24 Job submitted from host: <192.168.2.254:36667>
...
013 (490023.000.000) 03/30 00:29:32 Job was released.
	via condor_release (by user condor)
...
001 (490022.000.000) 03/30 00:29:32 Job executing on host: <192.168.2.8:53405>
...
Job start: host=twqcd7, JOB_ID=490022, GPU_ID=0, wdir=/work/d06222003/hw3/GPU_Tex
005 (490022.000.000) 03/30 00:29:33 Job terminated.
	(1) Normal termination (return value 136)
		Usr 0 00:00:00, Sys 0 00:00:00  -  Run Remote Usage
		Usr 0 00:00:00, Sys 0 00:00:00  -  Run Local Usage
		Usr 0 00:00:00, Sys 0 00:00:00  -  Total Remote Usage
		Usr 0 00:00:00, Sys 0 00:00:00  -  Total Local Usage
	0  -  Run Bytes Sent By Job
	0  -  Run Bytes Received By Job
	0  -  Total Bytes Sent By Job
	0  -  Total Bytes Received By Job
...
001 (490023.000.000) 03/30 00:29:34 Job executing on host: <192.168.2.8:53405>
...
Job start: host=twqcd7, JOB_ID=490023, GPU_ID=0, wdir=/work/d06222003/hw3/GPU_Tex
005 (490023.000.000) 03/30 00:29:36 Job terminated.
	(1) Normal termination (return value 136)
		Usr 0 00:00:00, Sys 0 00:00:00  -  Run Remote Usage
		Usr 0 00:00:00, Sys 0 00:00:00  -  Run Local Usage
		Usr 0 00:00:00, Sys 0 00:00:00  -  Total Remote Usage
		Usr 0 00:00:00, Sys 0 00:00:00  -  Total Local Usage
	0  -  Run Bytes Sent By Job
	0  -  Run Bytes Received By Job
	0  -  Total Bytes Sent By Job
	0  -  Total Bytes Received By Job
...
013 (490024.000.000) 03/30 00:29:48 Job was released.
	via condor_release (by user condor)
...
001 (490024.000.000) 03/30 00:30:12 Job executing on host: <192.168.2.59:58409>
...
Job start: host=twqcd58, JOB_ID=490024, GPU_ID=0, wdir=/work/d06222003/hw3/GPU_Tex
005 (490024.000.000) 03/30 00:30:14 Job terminated.
	(1) Normal termination (return value 136)
		Usr 0 00:00:00, Sys 0 00:00:00  -  Run Remote Usage
		Usr 0 00:00:00, Sys 0 00:00:00  -  Run Local Usage
		Usr 0 00:00:00, Sys 0 00:00:00  -  Total Remote Usage
		Usr 0 00:00:00, Sys 0 00:00:00  -  Total Local Usage
	0  -  Run Bytes Sent By Job
	0  -  Run Bytes Received By Job
	0  -  Total Bytes Sent By Job
	0  -  Total Bytes Received By Job
...
013 (490025.000.000) 03/30 00:30:21 Job was released.
	via condor_release (by user condor)
...
001 (490025.000.000) 03/30 00:30:33 Job executing on host: <192.168.2.59:58409>
...
Job start: host=twqcd58, JOB_ID=490025, GPU_ID=0, wdir=/work/d06222003/hw3/GPU_Tex
005 (490025.000.000) 03/30 00:30:34 Job terminated.
	(1) Normal termination (return value 136)
		Usr 0 00:00:00, Sys 0 00:00:00  -  Run Remote Usage
		Usr 0 00:00:00, Sys 0 00:00:00  -  Run Local Usage
		Usr 0 00:00:00, Sys 0 00:00:00  -  Total Remote Usage
		Usr 0 00:00:00, Sys 0 00:00:00  -  Total Local Usage
	0  -  Run Bytes Sent By Job
	0  -  Run Bytes Received By Job
	0  -  Total Bytes Sent By Job
	0  -  Total Bytes Received By Job
...
013 (490026.000.000) 03/30 00:30:38 Job was released.
	via condor_release (by user condor)
...
001 (490026.000.000) 03/30 00:30:53 Job executing on host: <192.168.2.8:53405>
...
Job start: host=twqcd7, JOB_ID=490026, GPU_ID=0, wdir=/work/d06222003/hw3/GPU_Tex
013 (490027.000.000) 03/30 00:30:55 Job was released.
	via condor_release (by user condor)
...
005 (490026.000.000) 03/30 00:30:55 Job terminated.
	(1) Normal termination (return value 136)
		Usr 0 00:00:00, Sys 0 00:00:00  -  Run Remote Usage
		Usr 0 00:00:00, Sys 0 00:00:00  -  Run Local Usage
		Usr 0 00:00:00, Sys 0 00:00:00  -  Total Remote Usage
		Usr 0 00:00:00, Sys 0 00:00:00  -  Total Local Usage
	0  -  Run Bytes Sent By Job
	0  -  Run Bytes Received By Job
	0  -  Total Bytes Sent By Job
	0  -  Total Bytes Received By Job
...
001 (490027.000.000) 03/30 00:30:55 Job executing on host: <192.168.2.8:53405>
...
Job start: host=twqcd7, JOB_ID=490027, GPU_ID=0, wdir=/work/d06222003/hw3/GPU_Tex
005 (490027.000.000) 03/30 00:30:57 Job terminated.
	(1) Normal termination (return value 136)
		Usr 0 00:00:00, Sys 0 00:00:00  -  Run Remote Usage
		Usr 0 00:00:00, Sys 0 00:00:00  -  Run Local Usage
		Usr 0 00:00:00, Sys 0 00:00:00  -  Total Remote Usage
		Usr 0 00:00:00, Sys 0 00:00:00  -  Total Local Usage
	0  -  Run Bytes Sent By Job
	0  -  Run Bytes Received By Job
	0  -  Total Bytes Sent By Job
	0  -  Total Bytes Received By Job
...
013 (490028.000.000) 03/30 00:31:11 Job was released.
	via condor_release (by user condor)
...
001 (490028.000.000) 03/30 00:31:33 Job executing on host: <192.168.2.8:53405>
...
Job start: host=twqcd7, JOB_ID=490028, GPU_ID=0, wdir=/work/d06222003/hw3/GPU_Tex
005 (490028.000.000) 03/30 00:31:35 Job terminated.
	(1) Normal termination (return value 136)
		Usr 0 00:00:00, Sys 0 00:00:00  -  Run Remote Usage
		Usr 0 00:00:00, Sys 0 00:00:00  -  Run Local Usage
		Usr 0 00:00:00, Sys 0 00:00:00  -  Total Remote Usage
		Usr 0 00:00:00, Sys 0 00:00:00  -  Total Local Usage
	0  -  Run Bytes Sent By Job
	0  -  Run Bytes Received By Job
	0  -  Total Bytes Sent By Job
	0  -  Total Bytes Received By Job
...
013 (490029.000.000) 03/30 00:31:44 Job was released.
	via condor_release (by user condor)
...
001 (490029.000.000) 03/30 00:31:54 Job executing on host: <192.168.2.8:53405>
...
Job start: host=twqcd7, JOB_ID=490029, GPU_ID=0, wdir=/work/d06222003/hw3/GPU_Tex
005 (490029.000.000) 03/30 00:31:55 Job terminated.
	(1) Normal termination (return value 136)
		Usr 0 00:00:00, Sys 0 00:00:00  -  Run Remote Usage
		Usr 0 00:00:00, Sys 0 00:00:00  -  Run Local Usage
		Usr 0 00:00:00, Sys 0 00:00:00  -  Total Remote Usage
		Usr 0 00:00:00, Sys 0 00:00:00  -  Total Local Usage
	0  -  Run Bytes Sent By Job
	0  -  Run Bytes Received By Job
	0  -  Total Bytes Sent By Job
	0  -  Total Bytes Received By Job
...
013 (490030.000.000) 03/30 00:32:01 Job was released.
	via condor_release (by user condor)
...
001 (490030.000.000) 03/30 00:32:14 Job executing on host: <192.168.2.8:53405>
...
Job start: host=twqcd7, JOB_ID=490030, GPU_ID=0, wdir=/work/d06222003/hw3/GPU_Tex
005 (490030.000.000) 03/30 00:32:16 Job terminated.
	(1) Normal termination (return value 136)
		Usr 0 00:00:00, Sys 0 00:00:00  -  Run Remote Usage
		Usr 0 00:00:00, Sys 0 00:00:00  -  Run Local Usage
		Usr 0 00:00:00, Sys 0 00:00:00  -  Total Remote Usage
		Usr 0 00:00:00, Sys 0 00:00:00  -  Total Local Usage
	0  -  Run Bytes Sent By Job
	0  -  Run Bytes Received By Job
	0  -  Total Bytes Sent By Job
	0  -  Total Bytes Received By Job
...
013 (490031.000.000) 03/30 00:32:18 Job was released.
	via condor_release (by user condor)
...
001 (490031.000.000) 03/30 00:32:34 Job executing on host: <192.168.2.8:53405>
...
Job start: host=twqcd7, JOB_ID=490031, GPU_ID=0, wdir=/work/d06222003/hw3/GPU_Tex
013 (490032.000.000) 03/30 00:32:34 Job was released.
	via condor_release (by user condor)
...
005 (490031.000.000) 03/30 00:32:36 Job terminated.
	(1) Normal termination (return value 136)
		Usr 0 00:00:00, Sys 0 00:00:00  -  Run Remote Usage
		Usr 0 00:00:00, Sys 0 00:00:00  -  Run Local Usage
		Usr 0 00:00:00, Sys 0 00:00:00  -  Total Remote Usage
		Usr 0 00:00:00, Sys 0 00:00:00  -  Total Local Usage
	0  -  Run Bytes Sent By Job
	0  -  Run Bytes Received By Job
	0  -  Total Bytes Sent By Job
	0  -  Total Bytes Received By Job
...
001 (490032.000.000) 03/30 00:32:37 Job executing on host: <192.168.2.8:53405>
...
Job start: host=twqcd7, JOB_ID=490032, GPU_ID=0, wdir=/work/d06222003/hw3/GPU_Tex
005 (490032.000.000) 03/30 00:32:38 Job terminated.
	(1) Normal termination (return value 136)
		Usr 0 00:00:00, Sys 0 00:00:00  -  Run Remote Usage
		Usr 0 00:00:00, Sys 0 00:00:00  -  Run Local Usage
		Usr 0 00:00:00, Sys 0 00:00:00  -  Total Remote Usage
		Usr 0 00:00:00, Sys 0 00:00:00  -  Total Local Usage
	0  -  Run Bytes Sent By Job
	0  -  Run Bytes Received By Job
	0  -  Total Bytes Sent By Job
	0  -  Total Bytes Received By Job
...
013 (490033.000.000) 03/30 00:32:51 Job was released.
	via condor_release (by user condor)
...
001 (490033.000.000) 03/30 00:33:14 Job executing on host: <192.168.2.8:53405>
...
Job start: host=twqcd7, JOB_ID=490033, GPU_ID=0, wdir=/work/d06222003/hw3/GPU_Tex
005 (490033.000.000) 03/30 00:33:16 Job terminated.
	(1) Normal termination (return value 136)
		Usr 0 00:00:00, Sys 0 00:00:00  -  Run Remote Usage
		Usr 0 00:00:00, Sys 0 00:00:00  -  Run Local Usage
		Usr 0 00:00:00, Sys 0 00:00:00  -  Total Remote Usage
		Usr 0 00:00:00, Sys 0 00:00:00  -  Total Local Usage
	0  -  Run Bytes Sent By Job
	0  -  Run Bytes Received By Job
	0  -  Total Bytes Sent By Job
	0  -  Total Bytes Received By Job
...
013 (490034.000.000) 03/30 00:33:24 Job was released.
	via condor_release (by user condor)
...
001 (490034.000.000) 03/30 00:33:34 Job executing on host: <192.168.2.8:53405>
...
Job start: host=twqcd7, JOB_ID=490034, GPU_ID=0, wdir=/work/d06222003/hw3/GPU_Tex
005 (490034.000.000) 03/30 00:33:36 Job terminated.
	(1) Normal termination (return value 136)
		Usr 0 00:00:00, Sys 0 00:00:00  -  Run Remote Usage
		Usr 0 00:00:00, Sys 0 00:00:00  -  Run Local Usage
		Usr 0 00:00:00, Sys 0 00:00:00  -  Total Remote Usage
		Usr 0 00:00:00, Sys 0 00:00:00  -  Total Local Usage
	0  -  Run Bytes Sent By Job
	0  -  Run Bytes Received By Job
	0  -  Total Bytes Sent By Job
	0  -  Total Bytes Received By Job
...
013 (490035.000.000) 03/30 00:33:41 Job was released.
	via condor_release (by user condor)
...
001 (490035.000.000) 03/30 00:33:54 Job executing on host: <192.168.2.8:53405>
...
Job start: host=twqcd7, JOB_ID=490035, GPU_ID=0, wdir=/work/d06222003/hw3/GPU_Tex
005 (490035.000.000) 03/30 00:33:55 Job terminated.
	(1) Normal termination (return value 136)
		Usr 0 00:00:00, Sys 0 00:00:00  -  Run Remote Usage
		Usr 0 00:00:00, Sys 0 00:00:00  -  Run Local Usage
		Usr 0 00:00:00, Sys 0 00:00:00  -  Total Remote Usage
		Usr 0 00:00:00, Sys 0 00:00:00  -  Total Local Usage
	0  -  Run Bytes Sent By Job
	0  -  Run Bytes Received By Job
	0  -  Total Bytes Sent By Job
	0  -  Total Bytes Received By Job
...
013 (490036.000.000) 03/30 00:33:58 Job was released.
	via condor_release (by user condor)
...
001 (490036.000.000) 03/30 00:34:14 Job executing on host: <192.168.2.8:53405>
...
Job start: host=twqcd7, JOB_ID=490036, GPU_ID=0, wdir=/work/d06222003/hw3/GPU_Tex
005 (490036.000.000) 03/30 00:34:15 Job terminated.
	(1) Normal termination (return value 136)
		Usr 0 00:00:00, Sys 0 00:00:00  -  Run Remote Usage
		Usr 0 00:00:00, Sys 0 00:00:00  -  Run Local Usage
		Usr 0 00:00:00, Sys 0 00:00:00  -  Total Remote Usage
		Usr 0 00:00:00, Sys 0 00:00:00  -  Total Local Usage
	0  -  Run Bytes Sent By Job
	0  -  Run Bytes Received By Job
	0  -  Total Bytes Sent By Job
	0  -  Total Bytes Received By Job
...
013 (490037.000.000) 03/30 00:34:48 Job was released.
	via condor_release (by user condor)
...
001 (490037.000.000) 03/30 00:34:54 Job executing on host: <192.168.2.8:53405>
...
Job start: host=twqcd7, JOB_ID=490037, GPU_ID=0, wdir=/work/d06222003/hw3/GPU_Tex
005 (490037.000.000) 03/30 00:34:55 Job terminated.
	(1) Normal termination (return value 136)
		Usr 0 00:00:00, Sys 0 00:00:00  -  Run Remote Usage
		Usr 0 00:00:00, Sys 0 00:00:00  -  Run Local Usage
		Usr 0 00:00:00, Sys 0 00:00:00  -  Total Remote Usage
		Usr 0 00:00:00, Sys 0 00:00:00  -  Total Local Usage
	0  -  Run Bytes Sent By Job
	0  -  Run Bytes Received By Job
	0  -  Total Bytes Sent By Job
	0  -  Total Bytes Received By Job
...
013 (490038.000.000) 03/30 00:35:21 Job was released.
	via condor_release (by user condor)
...
001 (490038.000.000) 03/30 00:35:35 Job executing on host: <192.168.2.8:53405>
...
Job start: host=twqcd7, JOB_ID=490038, GPU_ID=0, wdir=/work/d06222003/hw3/GPU_Tex
005 (490038.000.000) 03/30 00:35:37 Job terminated.
	(1) Normal termination (return value 136)
		Usr 0 00:00:00, Sys 0 00:00:00  -  Run Remote Usage
		Usr 0 00:00:00, Sys 0 00:00:00  -  Run Local Usage
		Usr 0 00:00:00, Sys 0 00:00:00  -  Total Remote Usage
		Usr 0 00:00:00, Sys 0 00:00:00  -  Total Local Usage
	0  -  Run Bytes Sent By Job
	0  -  Run Bytes Received By Job
	0  -  Total Bytes Sent By Job
	0  -  Total Bytes Received By Job
...
013 (490039.000.000) 03/30 00:36:11 Job was released.
	via condor_release (by user condor)
...
001 (490039.000.000) 03/30 00:36:15 Job executing on host: <192.168.2.8:53405>
...
Job start: host=twqcd7, JOB_ID=490039, GPU_ID=0, wdir=/work/d06222003/hw3/GPU_Tex
005 (490039.000.000) 03/30 00:36:17 Job terminated.
	(1) Normal termination (return value 136)
		Usr 0 00:00:00, Sys 0 00:00:00  -  Run Remote Usage
		Usr 0 00:00:00, Sys 0 00:00:00  -  Run Local Usage
		Usr 0 00:00:00, Sys 0 00:00:00  -  Total Remote Usage
		Usr 0 00:00:00, Sys 0 00:00:00  -  Total Local Usage
	0  -  Run Bytes Sent By Job
	0  -  Run Bytes Received By Job
	0  -  Total Bytes Sent By Job
	0  -  Total Bytes Received By Job
...
013 (490040.000.000) 03/30 00:36:44 Job was released.
	via condor_release (by user condor)
...
001 (490040.000.000) 03/30 00:36:55 Job executing on host: <192.168.2.8:53405>
...
Job start: host=twqcd7, JOB_ID=490040, GPU_ID=0, wdir=/work/d06222003/hw3/GPU_Tex
005 (490040.000.000) 03/30 00:36:56 Job terminated.
	(1) Normal termination (return value 136)
		Usr 0 00:00:00, Sys 0 00:00:00  -  Run Remote Usage
		Usr 0 00:00:00, Sys 0 00:00:00  -  Run Local Usage
		Usr 0 00:00:00, Sys 0 00:00:00  -  Total Remote Usage
		Usr 0 00:00:00, Sys 0 00:00:00  -  Total Local Usage
	0  -  Run Bytes Sent By Job
	0  -  Run Bytes Received By Job
	0  -  Total Bytes Sent By Job
	0  -  Total Bytes Received By Job
...
000 (490046.000.000) 03/30 00:45:34 Job submitted from host: <192.168.2.254:36667>
...
013 (490046.000.000) 03/30 00:45:48 Job was released.
	via condor_release (by user condor)
...
001 (490046.000.000) 03/30 00:45:58 Job executing on host: <192.168.2.8:53405>
...
Job start: host=twqcd7, JOB_ID=490046, GPU_ID=0, wdir=/work/d06222003/hw3/GPU_Tex
005 (490046.000.000) 03/30 00:46:00 Job terminated.
	(1) Normal termination (return value 136)
		Usr 0 00:00:00, Sys 0 00:00:00  -  Run Remote Usage
		Usr 0 00:00:00, Sys 0 00:00:00  -  Run Local Usage
		Usr 0 00:00:00, Sys 0 00:00:00  -  Total Remote Usage
		Usr 0 00:00:00, Sys 0 00:00:00  -  Total Local Usage
	0  -  Run Bytes Sent By Job
	0  -  Run Bytes Received By Job
	0  -  Total Bytes Sent By Job
	0  -  Total Bytes Received By Job
...
000 (490047.000.000) 03/30 00:48:37 Job submitted from host: <192.168.2.254:36667>
...
013 (490047.000.000) 03/30 00:48:50 Job was released.
	via condor_release (by user condor)
...
001 (490047.000.000) 03/30 00:48:58 Job executing on host: <192.168.2.8:53405>
...
Job start: host=twqcd7, JOB_ID=490047, GPU_ID=0, wdir=/work/d06222003/hw3/GPU_Tex
005 (490047.000.000) 03/30 00:49:00 Job terminated.
	(1) Normal termination (return value 136)
		Usr 0 00:00:00, Sys 0 00:00:00  -  Run Remote Usage
		Usr 0 00:00:00, Sys 0 00:00:00  -  Run Local Usage
		Usr 0 00:00:00, Sys 0 00:00:00  -  Total Remote Usage
		Usr 0 00:00:00, Sys 0 00:00:00  -  Total Local Usage
	0  -  Run Bytes Sent By Job
	0  -  Run Bytes Received By Job
	0  -  Total Bytes Sent By Job
	0  -  Total Bytes Received By Job
...
000 (490048.000.000) 03/30 00:50:45 Job submitted from host: <192.168.2.254:36667>
...
013 (490048.000.000) 03/30 00:51:01 Job was released.
	via condor_release (by user condor)
...
001 (490048.000.000) 03/30 00:51:10 Job executing on host: <192.168.2.8:53405>
...
Job start: host=twqcd7, JOB_ID=490048, GPU_ID=0, wdir=/work/d06222003/hw3/GPU_Tex
005 (490048.000.000) 03/30 00:51:11 Job terminated.
	(1) Normal termination (return value 136)
		Usr 0 00:00:00, Sys 0 00:00:00  -  Run Remote Usage
		Usr 0 00:00:00, Sys 0 00:00:00  -  Run Local Usage
		Usr 0 00:00:00, Sys 0 00:00:00  -  Total Remote Usage
		Usr 0 00:00:00, Sys 0 00:00:00  -  Total Local Usage
	0  -  Run Bytes Sent By Job
	0  -  Run Bytes Received By Job
	0  -  Total Bytes Sent By Job
	0  -  Total Bytes Received By Job
...
000 (490049.000.000) 03/30 00:51:53 Job submitted from host: <192.168.2.254:36667>
...
013 (490049.000.000) 03/30 00:52:08 Job was released.
	via condor_release (by user condor)
...
001 (490049.000.000) 03/30 00:52:18 Job executing on host: <192.168.2.8:53405>
...
Job start: host=twqcd7, JOB_ID=490049, GPU_ID=0, wdir=/work/d06222003/hw3/GPU_Tex
005 (490049.000.000) 03/30 00:52:44 Job terminated.
	(1) Normal termination (return value 139)
		Usr 0 00:00:11, Sys 0 00:00:01  -  Run Remote Usage
		Usr 0 00:00:00, Sys 0 00:00:00  -  Run Local Usage
		Usr 0 00:00:11, Sys 0 00:00:01  -  Total Remote Usage
		Usr 0 00:00:00, Sys 0 00:00:00  -  Total Local Usage
	0  -  Run Bytes Sent By Job
	0  -  Run Bytes Received By Job
	0  -  Total Bytes Sent By Job
	0  -  Total Bytes Received By Job
...
000 (490050.000.000) 03/30 00:58:40 Job submitted from host: <192.168.2.254:36667>
...
013 (490050.000.000) 03/30 00:58:43 Job was released.
	via condor_release (by user condor)
...
001 (490050.000.000) 03/30 00:59:01 Job executing on host: <192.168.2.8:53405>
...
Job start: host=twqcd7, JOB_ID=490050, GPU_ID=0, wdir=/work/d06222003/hw3/GPU_Tex
005 (490050.000.000) 03/30 00:59:02 Job terminated.
	(1) Normal termination (return value 136)
		Usr 0 00:00:00, Sys 0 00:00:00  -  Run Remote Usage
		Usr 0 00:00:00, Sys 0 00:00:00  -  Run Local Usage
		Usr 0 00:00:00, Sys 0 00:00:00  -  Total Remote Usage
		Usr 0 00:00:00, Sys 0 00:00:00  -  Total Local Usage
	0  -  Run Bytes Sent By Job
	0  -  Run Bytes Received By Job
	0  -  Total Bytes Sent By Job
	0  -  Total Bytes Received By Job
...
000 (490051.000.000) 03/30 01:02:37 Job submitted from host: <192.168.2.254:36667>
...
000 (490052.000.000) 03/30 01:02:39 Job submitted from host: <192.168.2.254:36667>
...
000 (490053.000.000) 03/30 01:02:40 Job submitted from host: <192.168.2.254:36667>
...
000 (490054.000.000) 03/30 01:02:41 Job submitted from host: <192.168.2.254:36667>
...
000 (490055.000.000) 03/30 01:02:43 Job submitted from host: <192.168.2.254:36667>
...
000 (490056.000.000) 03/30 01:02:44 Job submitted from host: <192.168.2.254:36667>
...
000 (490057.000.000) 03/30 01:02:45 Job submitted from host: <192.168.2.254:36667>
...
000 (490058.000.000) 03/30 01:02:47 Job submitted from host: <192.168.2.254:36667>
...
000 (490059.000.000) 03/30 01:02:48 Job submitted from host: <192.168.2.254:36667>
...
000 (490060.000.000) 03/30 01:02:50 Job submitted from host: <192.168.2.254:36667>
...
013 (490051.000.000) 03/30 01:02:50 Job was released.
	via condor_release (by user condor)
...
000 (490061.000.000) 03/30 01:02:51 Job submitted from host: <192.168.2.254:36667>
...
000 (490062.000.000) 03/30 01:02:52 Job submitted from host: <192.168.2.254:36667>
...
000 (490063.000.000) 03/30 01:02:54 Job submitted from host: <192.168.2.254:36667>
...
000 (490064.000.000) 03/30 01:02:55 Job submitted from host: <192.168.2.254:36667>
...
000 (490065.000.000) 03/30 01:02:56 Job submitted from host: <192.168.2.254:36667>
...
000 (490066.000.000) 03/30 01:02:58 Job submitted from host: <192.168.2.254:36667>
...
000 (490067.000.000) 03/30 01:02:59 Job submitted from host: <192.168.2.254:36667>
...
001 (490051.000.000) 03/30 01:02:59 Job executing on host: <192.168.2.8:53405>
...
Job start: host=twqcd7, JOB_ID=490051, GPU_ID=0, wdir=/work/d06222003/hw3/GPU_Tex
000 (490068.000.000) 03/30 01:03:00 Job submitted from host: <192.168.2.254:36667>
...
000 (490069.000.000) 03/30 01:03:02 Job submitted from host: <192.168.2.254:36667>
...
005 (490051.000.000) 03/30 01:03:02 Job terminated.
	(1) Normal termination (return value 134)
		Usr 0 00:00:00, Sys 0 00:00:00  -  Run Remote Usage
		Usr 0 00:00:00, Sys 0 00:00:00  -  Run Local Usage
		Usr 0 00:00:00, Sys 0 00:00:00  -  Total Remote Usage
		Usr 0 00:00:00, Sys 0 00:00:00  -  Total Local Usage
	0  -  Run Bytes Sent By Job
	0  -  Run Bytes Received By Job
	0  -  Total Bytes Sent By Job
	0  -  Total Bytes Received By Job
...
000 (490070.000.000) 03/30 01:03:03 Job submitted from host: <192.168.2.254:36667>
...
013 (490052.000.000) 03/30 01:03:07 Job was released.
	via condor_release (by user condor)
...
001 (490052.000.000) 03/30 01:03:20 Job executing on host: <192.168.2.8:53405>
...
Job start: host=twqcd7, JOB_ID=490052, GPU_ID=0, wdir=/work/d06222003/hw3/GPU_Tex
005 (490052.000.000) 03/30 01:03:22 Job terminated.
	(1) Normal termination (return value 134)
		Usr 0 00:00:00, Sys 0 00:00:00  -  Run Remote Usage
		Usr 0 00:00:00, Sys 0 00:00:00  -  Run Local Usage
		Usr 0 00:00:00, Sys 0 00:00:00  -  Total Remote Usage
		Usr 0 00:00:00, Sys 0 00:00:00  -  Total Local Usage
	0  -  Run Bytes Sent By Job
	0  -  Run Bytes Received By Job
	0  -  Total Bytes Sent By Job
	0  -  Total Bytes Received By Job
...
013 (490053.000.000) 03/30 01:03:23 Job was released.
	via condor_release (by user condor)
...
001 (490053.000.000) 03/30 01:03:40 Job executing on host: <192.168.2.59:58409>
...
Job start: host=twqcd58, JOB_ID=490053, GPU_ID=0, wdir=/work/d06222003/hw3/GPU_Tex
013 (490054.000.000) 03/30 01:03:40 Job was released.
	via condor_release (by user condor)
...
005 (490053.000.000) 03/30 01:03:45 Job terminated.
	(1) Normal termination (return value 134)
		Usr 0 00:00:00, Sys 0 00:00:00  -  Run Remote Usage
		Usr 0 00:00:00, Sys 0 00:00:00  -  Run Local Usage
		Usr 0 00:00:00, Sys 0 00:00:00  -  Total Remote Usage
		Usr 0 00:00:00, Sys 0 00:00:00  -  Total Local Usage
	0  -  Run Bytes Sent By Job
	0  -  Run Bytes Received By Job
	0  -  Total Bytes Sent By Job
	0  -  Total Bytes Received By Job
...
001 (490054.000.000) 03/30 01:03:46 Job executing on host: <192.168.2.59:58409>
...
Job start: host=twqcd58, JOB_ID=490054, GPU_ID=0, wdir=/work/d06222003/hw3/GPU_Tex
005 (490054.000.000) 03/30 01:03:48 Job terminated.
	(1) Normal termination (return value 134)
		Usr 0 00:00:00, Sys 0 00:00:00  -  Run Remote Usage
		Usr 0 00:00:00, Sys 0 00:00:00  -  Run Local Usage
		Usr 0 00:00:00, Sys 0 00:00:00  -  Total Remote Usage
		Usr 0 00:00:00, Sys 0 00:00:00  -  Total Local Usage
	0  -  Run Bytes Sent By Job
	0  -  Run Bytes Received By Job
	0  -  Total Bytes Sent By Job
	0  -  Total Bytes Received By Job
...
013 (490055.000.000) 03/30 01:03:57 Job was released.
	via condor_release (by user condor)
...
001 (490055.000.000) 03/30 01:04:00 Job executing on host: <192.168.2.88:53309>
...
Job start: host=twqcd87, JOB_ID=490055, GPU_ID=0, wdir=/work/d06222003/hw3/GPU_Tex
013 (490056.000.000) 03/30 01:04:13 Job was released.
	via condor_release (by user condor)
...
005 (490055.000.000) 03/30 01:04:15 Job terminated.
	(1) Normal termination (return value 134)
		Usr 0 00:00:12, Sys 0 00:00:02  -  Run Remote Usage
		Usr 0 00:00:00, Sys 0 00:00:00  -  Run Local Usage
		Usr 0 00:00:12, Sys 0 00:00:02  -  Total Remote Usage
		Usr 0 00:00:00, Sys 0 00:00:00  -  Total Local Usage
	0  -  Run Bytes Sent By Job
	0  -  Run Bytes Received By Job
	0  -  Total Bytes Sent By Job
	0  -  Total Bytes Received By Job
...
001 (490056.000.000) 03/30 01:04:16 Job executing on host: <192.168.2.88:53309>
...
Job start: host=twqcd87, JOB_ID=490056, GPU_ID=0, wdir=/work/d06222003/hw3/GPU_Tex
013 (490057.000.000) 03/30 01:04:30 Job was released.
	via condor_release (by user condor)
...
005 (490056.000.000) 03/30 01:04:31 Job terminated.
	(1) Normal termination (return value 134)
		Usr 0 00:00:12, Sys 0 00:00:01  -  Run Remote Usage
		Usr 0 00:00:00, Sys 0 00:00:00  -  Run Local Usage
		Usr 0 00:00:12, Sys 0 00:00:01  -  Total Remote Usage
		Usr 0 00:00:00, Sys 0 00:00:00  -  Total Local Usage
	0  -  Run Bytes Sent By Job
	0  -  Run Bytes Received By Job
	0  -  Total Bytes Sent By Job
	0  -  Total Bytes Received By Job
...
001 (490057.000.000) 03/30 01:04:31 Job executing on host: <192.168.2.88:53309>
...
Job start: host=twqcd87, JOB_ID=490057, GPU_ID=0, wdir=/work/d06222003/hw3/GPU_Tex
005 (490057.000.000) 03/30 01:04:47 Job terminated.
	(1) Normal termination (return value 134)
		Usr 0 00:00:11, Sys 0 00:00:01  -  Run Remote Usage
		Usr 0 00:00:00, Sys 0 00:00:00  -  Run Local Usage
		Usr 0 00:00:11, Sys 0 00:00:01  -  Total Remote Usage
		Usr 0 00:00:00, Sys 0 00:00:00  -  Total Local Usage
	0  -  Run Bytes Sent By Job
	0  -  Run Bytes Received By Job
	0  -  Total Bytes Sent By Job
	0  -  Total Bytes Received By Job
...
013 (490058.000.000) 03/30 01:04:47 Job was released.
	via condor_release (by user condor)
...
001 (490058.000.000) 03/30 01:04:47 Job executing on host: <192.168.2.88:53309>
...
Job start: host=twqcd87, JOB_ID=490058, GPU_ID=0, wdir=/work/d06222003/hw3/GPU_Tex
005 (490058.000.000) 03/30 01:04:50 Job terminated.
	(1) Normal termination (return value 134)
		Usr 0 00:00:00, Sys 0 00:00:00  -  Run Remote Usage
		Usr 0 00:00:00, Sys 0 00:00:00  -  Run Local Usage
		Usr 0 00:00:00, Sys 0 00:00:00  -  Total Remote Usage
		Usr 0 00:00:00, Sys 0 00:00:00  -  Total Local Usage
	0  -  Run Bytes Sent By Job
	0  -  Run Bytes Received By Job
	0  -  Total Bytes Sent By Job
	0  -  Total Bytes Received By Job
...
013 (490059.000.000) 03/30 01:05:04 Job was released.
	via condor_release (by user condor)
...
001 (490059.000.000) 03/30 01:05:22 Job executing on host: <192.168.2.8:53405>
...
Job start: host=twqcd7, JOB_ID=490059, GPU_ID=0, wdir=/work/d06222003/hw3/GPU_Tex
005 (490059.000.000) 03/30 01:05:27 Job terminated.
	(1) Normal termination (return value 134)
		Usr 0 00:00:00, Sys 0 00:00:00  -  Run Remote Usage
		Usr 0 00:00:00, Sys 0 00:00:00  -  Run Local Usage
		Usr 0 00:00:00, Sys 0 00:00:00  -  Total Remote Usage
		Usr 0 00:00:00, Sys 0 00:00:00  -  Total Local Usage
	0  -  Run Bytes Sent By Job
	0  -  Run Bytes Received By Job
	0  -  Total Bytes Sent By Job
	0  -  Total Bytes Received By Job
...
013 (490060.000.000) 03/30 01:05:37 Job was released.
	via condor_release (by user condor)
...
001 (490060.000.000) 03/30 01:05:42 Job executing on host: <192.168.2.8:53405>
...
Job start: host=twqcd7, JOB_ID=490060, GPU_ID=0, wdir=/work/d06222003/hw3/GPU_Tex
013 (490061.000.000) 03/30 01:05:53 Job was released.
	via condor_release (by user condor)
...
001 (490061.000.000) 03/30 01:06:02 Job executing on host: <192.168.2.59:58409>
...
Job start: host=twqcd58, JOB_ID=490061, GPU_ID=0, wdir=/work/d06222003/hw3/GPU_Tex
013 (490062.000.000) 03/30 01:06:10 Job was released.
	via condor_release (by user condor)
...
001 (490062.000.000) 03/30 01:06:23 Job executing on host: <192.168.2.59:58409>
...
Job start: host=twqcd58, JOB_ID=490062, GPU_ID=1, wdir=/work/d06222003/hw3/GPU_Tex
013 (490063.000.000) 03/30 01:06:27 Job was released.
	via condor_release (by user condor)
...
006 (490062.000.000) 03/30 01:06:32 Image size of job updated: 42270108
...
001 (490063.000.000) 03/30 01:06:43 Job executing on host: <192.168.2.8:53405>
...
Job start: host=twqcd7, JOB_ID=490063, GPU_ID=1, wdir=/work/d06222003/hw3/GPU_Tex
013 (490064.000.000) 03/30 01:06:43 Job was released.
	via condor_release (by user condor)
...
005 (490060.000.000) 03/30 01:06:48 Job terminated.
	(1) Normal termination (return value 134)
		Usr 0 00:00:59, Sys 0 00:00:01  -  Run Remote Usage
		Usr 0 00:00:00, Sys 0 00:00:00  -  Run Local Usage
		Usr 0 00:00:59, Sys 0 00:00:01  -  Total Remote Usage
		Usr 0 00:00:00, Sys 0 00:00:00  -  Total Local Usage
	0  -  Run Bytes Sent By Job
	0  -  Run Bytes Received By Job
	0  -  Total Bytes Sent By Job
	0  -  Total Bytes Received By Job
...
001 (490064.000.000) 03/30 01:06:49 Job executing on host: <192.168.2.8:53405>
...
Job start: host=twqcd7, JOB_ID=490064, GPU_ID=0, wdir=/work/d06222003/hw3/GPU_Tex
005 (490063.000.000) 03/30 01:06:50 Job terminated.
	(1) Normal termination (return value 139)
		Usr 0 00:00:05, Sys 0 00:00:00  -  Run Remote Usage
		Usr 0 00:00:00, Sys 0 00:00:00  -  Run Local Usage
		Usr 0 00:00:05, Sys 0 00:00:00  -  Total Remote Usage
		Usr 0 00:00:00, Sys 0 00:00:00  -  Total Local Usage
	0  -  Run Bytes Sent By Job
	0  -  Run Bytes Received By Job
	0  -  Total Bytes Sent By Job
	0  -  Total Bytes Received By Job
...
005 (490064.000.000) 03/30 01:06:54 Job terminated.
	(1) Normal termination (return value 139)
		Usr 0 00:00:00, Sys 0 00:00:00  -  Run Remote Usage
		Usr 0 00:00:00, Sys 0 00:00:00  -  Run Local Usage
		Usr 0 00:00:00, Sys 0 00:00:00  -  Total Remote Usage
		Usr 0 00:00:00, Sys 0 00:00:00  -  Total Local Usage
	0  -  Run Bytes Sent By Job
	0  -  Run Bytes Received By Job
	0  -  Total Bytes Sent By Job
	0  -  Total Bytes Received By Job
...
013 (490065.000.000) 03/30 01:07:00 Job was released.
	via condor_release (by user condor)
...
005 (490061.000.000) 03/30 01:07:06 Job terminated.
	(1) Normal termination (return value 134)
		Usr 0 00:00:58, Sys 0 00:00:01  -  Run Remote Usage
		Usr 0 00:00:00, Sys 0 00:00:00  -  Run Local Usage
		Usr 0 00:00:58, Sys 0 00:00:01  -  Total Remote Usage
		Usr 0 00:00:00, Sys 0 00:00:00  -  Total Local Usage
	0  -  Run Bytes Sent By Job
	0  -  Run Bytes Received By Job
	0  -  Total Bytes Sent By Job
	0  -  Total Bytes Received By Job
...
001 (490065.000.000) 03/30 01:07:07 Job executing on host: <192.168.2.59:58409>
...
Job start: host=twqcd58, JOB_ID=490065, GPU_ID=0, wdir=/work/d06222003/hw3/GPU_Tex
005 (490065.000.000) 03/30 01:07:11 Job terminated.
	(1) Normal termination (return value 139)
		Usr 0 00:00:00, Sys 0 00:00:00  -  Run Remote Usage
		Usr 0 00:00:00, Sys 0 00:00:00  -  Run Local Usage
		Usr 0 00:00:00, Sys 0 00:00:00  -  Total Remote Usage
		Usr 0 00:00:00, Sys 0 00:00:00  -  Total Local Usage
	0  -  Run Bytes Sent By Job
	0  -  Run Bytes Received By Job
	0  -  Total Bytes Sent By Job
	0  -  Total Bytes Received By Job
...
013 (490066.000.000) 03/30 01:07:17 Job was released.
	via condor_release (by user condor)
...
001 (490066.000.000) 03/30 01:07:23 Job executing on host: <192.168.2.88:53309>
...
Job start: host=twqcd87, JOB_ID=490066, GPU_ID=0, wdir=/work/d06222003/hw3/GPU_Tex
005 (490062.000.000) 03/30 01:07:27 Job terminated.
	(1) Normal termination (return value 134)
		Usr 0 00:00:53, Sys 0 00:00:00  -  Run Remote Usage
		Usr 0 00:00:00, Sys 0 00:00:00  -  Run Local Usage
		Usr 0 00:00:53, Sys 0 00:00:00  -  Total Remote Usage
		Usr 0 00:00:00, Sys 0 00:00:00  -  Total Local Usage
	0  -  Run Bytes Sent By Job
	0  -  Run Bytes Received By Job
	0  -  Total Bytes Sent By Job
	0  -  Total Bytes Received By Job
...
005 (490066.000.000) 03/30 01:07:29 Job terminated.
	(1) Normal termination (return value 139)
		Usr 0 00:00:00, Sys 0 00:00:00  -  Run Remote Usage
		Usr 0 00:00:00, Sys 0 00:00:00  -  Run Local Usage
		Usr 0 00:00:00, Sys 0 00:00:00  -  Total Remote Usage
		Usr 0 00:00:00, Sys 0 00:00:00  -  Total Local Usage
	0  -  Run Bytes Sent By Job
	0  -  Run Bytes Received By Job
	0  -  Total Bytes Sent By Job
	0  -  Total Bytes Received By Job
...
013 (490067.000.000) 03/30 01:07:33 Job was released.
	via condor_release (by user condor)
...
001 (490067.000.000) 03/30 01:07:43 Job executing on host: <192.168.2.88:53309>
...
Job start: host=twqcd87, JOB_ID=490067, GPU_ID=0, wdir=/work/d06222003/hw3/GPU_Tex
013 (490068.000.000) 03/30 01:07:50 Job was released.
	via condor_release (by user condor)
...
001 (490068.000.000) 03/30 01:08:03 Job executing on host: <192.168.2.88:53309>
...
Job start: host=twqcd87, JOB_ID=490068, GPU_ID=1, wdir=/work/d06222003/hw3/GPU_Tex
013 (490069.000.000) 03/30 01:08:07 Job was released.
	via condor_release (by user condor)
...
001 (490069.000.000) 03/30 01:08:23 Job executing on host: <192.168.2.8:53405>
...
Job start: host=twqcd7, JOB_ID=490069, GPU_ID=0, wdir=/work/d06222003/hw3/GPU_Tex
013 (490070.000.000) 03/30 01:08:23 Job was released.
	via condor_release (by user condor)
...
005 (490068.000.000) 03/30 01:08:31 Job terminated.
	(1) Normal termination (return value 139)
		Usr 0 00:00:22, Sys 0 00:00:02  -  Run Remote Usage
		Usr 0 00:00:00, Sys 0 00:00:00  -  Run Local Usage
		Usr 0 00:00:22, Sys 0 00:00:02  -  Total Remote Usage
		Usr 0 00:00:00, Sys 0 00:00:00  -  Total Local Usage
	0  -  Run Bytes Sent By Job
	0  -  Run Bytes Received By Job
	0  -  Total Bytes Sent By Job
	0  -  Total Bytes Received By Job
...
001 (490070.000.000) 03/30 01:08:31 Job executing on host: <192.168.2.88:53309>
...
Job start: host=twqcd87, JOB_ID=490070, GPU_ID=1, wdir=/work/d06222003/hw3/GPU_Tex
005 (490067.000.000) 03/30 01:08:37 Job terminated.
	(1) Normal termination (return value 139)
		Usr 0 00:00:44, Sys 0 00:00:04  -  Run Remote Usage
		Usr 0 00:00:00, Sys 0 00:00:00  -  Run Local Usage
		Usr 0 00:00:44, Sys 0 00:00:04  -  Total Remote Usage
		Usr 0 00:00:00, Sys 0 00:00:00  -  Total Local Usage
	0  -  Run Bytes Sent By Job
	0  -  Run Bytes Received By Job
	0  -  Total Bytes Sent By Job
	0  -  Total Bytes Received By Job
...
006 (490070.000.000) 03/30 01:08:39 Image size of job updated: 42273504
...
005 (490069.000.000) 03/30 01:08:49 Job terminated.
	(1) Normal termination (return value 139)
		Usr 0 00:00:12, Sys 0 00:00:01  -  Run Remote Usage
		Usr 0 00:00:00, Sys 0 00:00:00  -  Run Local Usage
		Usr 0 00:00:12, Sys 0 00:00:01  -  Total Remote Usage
		Usr 0 00:00:00, Sys 0 00:00:00  -  Total Local Usage
	0  -  Run Bytes Sent By Job
	0  -  Run Bytes Received By Job
	0  -  Total Bytes Sent By Job
	0  -  Total Bytes Received By Job
...
005 (490070.000.000) 03/30 01:08:59 Job terminated.
	(1) Normal termination (return value 139)
		Usr 0 00:00:23, Sys 0 00:00:02  -  Run Remote Usage
		Usr 0 00:00:00, Sys 0 00:00:00  -  Run Local Usage
		Usr 0 00:00:23, Sys 0 00:00:02  -  Total Remote Usage
		Usr 0 00:00:00, Sys 0 00:00:00  -  Total Local Usage
	0  -  Run Bytes Sent By Job
	0  -  Run Bytes Received By Job
	0  -  Total Bytes Sent By Job
	0  -  Total Bytes Received By Job
...
000 (491515.000.000) 04/10 15:49:56 Job submitted from host: <192.168.2.254:39732>
...
000 (491516.000.000) 04/10 15:49:58 Job submitted from host: <192.168.2.254:39732>
...
000 (491517.000.000) 04/10 15:49:59 Job submitted from host: <192.168.2.254:39732>
...
013 (491515.000.000) 04/10 15:50:00 Job was released.
	via condor_release (by user condor)
...
000 (491518.000.000) 04/10 15:50:01 Job submitted from host: <192.168.2.254:39732>
...
000 (491519.000.000) 04/10 15:50:02 Job submitted from host: <192.168.2.254:39732>
...
000 (491520.000.000) 04/10 15:50:03 Job submitted from host: <192.168.2.254:39732>
...
000 (491521.000.000) 04/10 15:50:05 Job submitted from host: <192.168.2.254:39732>
...
001 (491515.000.000) 04/10 15:50:18 Job executing on host: <192.168.2.8:52172>
...
Job start: host=twqcd7, JOB_ID=491515, GPU_ID=0, wdir=/work/d06222003/hw3/Problem_2/GPU_Tex
005 (491515.000.000) 04/10 15:50:19 Job terminated.
	(1) Normal termination (return value 136)
		Usr 0 00:00:00, Sys 0 00:00:00  -  Run Remote Usage
		Usr 0 00:00:00, Sys 0 00:00:00  -  Run Local Usage
		Usr 0 00:00:00, Sys 0 00:00:00  -  Total Remote Usage
		Usr 0 00:00:00, Sys 0 00:00:00  -  Total Local Usage
	0  -  Run Bytes Sent By Job
	0  -  Run Bytes Received By Job
	0  -  Total Bytes Sent By Job
	0  -  Total Bytes Received By Job
...
013 (491516.000.000) 04/10 15:50:33 Job was released.
	via condor_release (by user condor)
...
009 (491516.000.000) 04/10 15:50:34 Job was aborted by the user.
	via condor_rm (by user d06222003)
...
009 (491517.000.000) 04/10 15:50:38 Job was aborted by the user.
	via condor_rm (by user d06222003)
...
009 (491518.000.000) 04/10 15:50:40 Job was aborted by the user.
	via condor_rm (by user d06222003)
...
009 (491519.000.000) 04/10 15:50:43 Job was aborted by the user.
	via condor_rm (by user d06222003)
...
009 (491520.000.000) 04/10 15:50:46 Job was aborted by the user.
	via condor_rm (by user d06222003)
...
009 (491521.000.000) 04/10 15:50:49 Job was aborted by the user.
	via condor_rm (by user d06222003)
...
000 (491522.000.000) 04/10 15:52:51 Job submitted from host: <192.168.2.254:39732>
...
000 (491523.000.000) 04/10 15:52:52 Job submitted from host: <192.168.2.254:39732>
...
000 (491524.000.000) 04/10 15:52:54 Job submitted from host: <192.168.2.254:39732>
...
000 (491525.000.000) 04/10 15:52:55 Job submitted from host: <192.168.2.254:39732>
...
000 (491526.000.000) 04/10 15:52:56 Job submitted from host: <192.168.2.254:39732>
...
000 (491527.000.000) 04/10 15:52:58 Job submitted from host: <192.168.2.254:39732>
...
000 (491528.000.000) 04/10 15:52:59 Job submitted from host: <192.168.2.254:39732>
...
013 (491522.000.000) 04/10 15:53:02 Job was released.
	via condor_release (by user condor)
...
001 (491522.000.000) 04/10 15:53:19 Job executing on host: <192.168.2.8:52172>
...
Job start: host=twqcd7, JOB_ID=491522, GPU_ID=0, wdir=/work/d06222003/hw3/Problem_2/GPU_Tex
013 (491523.000.000) 04/10 15:53:35 Job was released.
	via condor_release (by user condor)
...
001 (491523.000.000) 04/10 15:54:00 Job executing on host: <192.168.2.8:52172>
...
Job start: host=twqcd7, JOB_ID=491523, GPU_ID=1, wdir=/work/d06222003/hw3/Problem_2/GPU_Tex
013 (491524.000.000) 04/10 15:54:08 Job was released.
	via condor_release (by user condor)
...
006 (491523.000.000) 04/10 15:54:09 Image size of job updated: 42273504
...
001 (491524.000.000) 04/10 15:54:21 Job executing on host: <192.168.2.59:53061>
...
Job start: host=twqcd58, JOB_ID=491524, GPU_ID=0, wdir=/work/d06222003/hw3/Problem_2/GPU_Tex
013 (491525.000.000) 04/10 15:54:25 Job was released.
	via condor_release (by user condor)
...
005 (491522.000.000) 04/10 15:54:25 Job terminated.
	(1) Normal termination (return value 139)
		Usr 0 00:00:54, Sys 0 00:00:05  -  Run Remote Usage
		Usr 0 00:00:00, Sys 0 00:00:00  -  Run Local Usage
		Usr 0 00:00:54, Sys 0 00:00:05  -  Total Remote Usage
		Usr 0 00:00:00, Sys 0 00:00:00  -  Total Local Usage
	0  -  Run Bytes Sent By Job
	0  -  Run Bytes Received By Job
	0  -  Total Bytes Sent By Job
	0  -  Total Bytes Received By Job
...
001 (491525.000.000) 04/10 15:54:26 Job executing on host: <192.168.2.8:52172>
...
Job start: host=twqcd7, JOB_ID=491525, GPU_ID=0, wdir=/work/d06222003/hw3/Problem_2/GPU_Tex
006 (491525.000.000) 04/10 15:54:34 Image size of job updated: 42273504
...
013 (491526.000.000) 04/10 15:54:42 Job was released.
	via condor_release (by user condor)
...
001 (491526.000.000) 04/10 15:55:02 Job executing on host: <192.168.2.59:53061>
...
Job start: host=twqcd58, JOB_ID=491526, GPU_ID=1, wdir=/work/d06222003/hw3/Problem_2/GPU_Tex
005 (491523.000.000) 04/10 15:55:05 Job terminated.
	(1) Normal termination (return value 139)
		Usr 0 00:00:57, Sys 0 00:00:04  -  Run Remote Usage
		Usr 0 00:00:00, Sys 0 00:00:00  -  Run Local Usage
		Usr 0 00:00:57, Sys 0 00:00:04  -  Total Remote Usage
		Usr 0 00:00:00, Sys 0 00:00:00  -  Total Local Usage
	0  -  Run Bytes Sent By Job
	0  -  Run Bytes Received By Job
	0  -  Total Bytes Sent By Job
	0  -  Total Bytes Received By Job
...
006 (491526.000.000) 04/10 15:55:10 Image size of job updated: 42273504
...
013 (491527.000.000) 04/10 15:55:15 Job was released.
	via condor_release (by user condor)
...
001 (491527.000.000) 04/10 15:55:22 Job executing on host: <192.168.2.88:55321>
...
Job start: host=twqcd87, JOB_ID=491527, GPU_ID=0, wdir=/work/d06222003/hw3/Problem_2/GPU_Tex
005 (491524.000.000) 04/10 15:55:27 Job terminated.
	(1) Normal termination (return value 139)
		Usr 0 00:00:56, Sys 0 00:00:02  -  Run Remote Usage
		Usr 0 00:00:00, Sys 0 00:00:00  -  Run Local Usage
		Usr 0 00:00:56, Sys 0 00:00:02  -  Total Remote Usage
		Usr 0 00:00:00, Sys 0 00:00:00  -  Total Local Usage
	0  -  Run Bytes Sent By Job
	0  -  Run Bytes Received By Job
	0  -  Total Bytes Sent By Job
	0  -  Total Bytes Received By Job
...
013 (491528.000.000) 04/10 15:55:31 Job was released.
	via condor_release (by user condor)
...
005 (491525.000.000) 04/10 15:55:32 Job terminated.
	(1) Normal termination (return value 139)
		Usr 0 00:00:48, Sys 0 00:00:04  -  Run Remote Usage
		Usr 0 00:00:00, Sys 0 00:00:00  -  Run Local Usage
		Usr 0 00:00:48, Sys 0 00:00:04  -  Total Remote Usage
		Usr 0 00:00:00, Sys 0 00:00:00  -  Total Local Usage
	0  -  Run Bytes Sent By Job
	0  -  Run Bytes Received By Job
	0  -  Total Bytes Sent By Job
	0  -  Total Bytes Received By Job
...
001 (491528.000.000) 04/10 15:55:32 Job executing on host: <192.168.2.8:52172>
...
Job start: host=twqcd7, JOB_ID=491528, GPU_ID=0, wdir=/work/d06222003/hw3/Problem_2/GPU_Tex
006 (491528.000.000) 04/10 15:55:41 Image size of job updated: 42266252
...
005 (491526.000.000) 04/10 15:56:07 Job terminated.
	(1) Normal termination (return value 139)
		Usr 0 00:00:47, Sys 0 00:00:01  -  Run Remote Usage
		Usr 0 00:00:00, Sys 0 00:00:00  -  Run Local Usage
		Usr 0 00:00:47, Sys 0 00:00:01  -  Total Remote Usage
		Usr 0 00:00:00, Sys 0 00:00:00  -  Total Local Usage
	0  -  Run Bytes Sent By Job
	0  -  Run Bytes Received By Job
	0  -  Total Bytes Sent By Job
	0  -  Total Bytes Received By Job
...
005 (491527.000.000) 04/10 15:56:25 Job terminated.
	(1) Normal termination (return value 139)
		Usr 0 00:00:53, Sys 0 00:00:06  -  Run Remote Usage
		Usr 0 00:00:00, Sys 0 00:00:00  -  Run Local Usage
		Usr 0 00:00:53, Sys 0 00:00:06  -  Total Remote Usage
		Usr 0 00:00:00, Sys 0 00:00:00  -  Total Local Usage
	0  -  Run Bytes Sent By Job
	0  -  Run Bytes Received By Job
	0  -  Total Bytes Sent By Job
	0  -  Total Bytes Received By Job
...
005 (491528.000.000) 04/10 15:56:39 Job terminated.
	(1) Normal termination (return value 139)
		Usr 0 00:00:54, Sys 0 00:00:05  -  Run Remote Usage
		Usr 0 00:00:00, Sys 0 00:00:00  -  Run Local Usage
		Usr 0 00:00:54, Sys 0 00:00:05  -  Total Remote Usage
		Usr 0 00:00:00, Sys 0 00:00:00  -  Total Local Usage
	0  -  Run Bytes Sent By Job
	0  -  Run Bytes Received By Job
	0  -  Total Bytes Sent By Job
	0  -  Total Bytes Received By Job
...
