000 (492008.000.000) 04/11 11:04:25 Job submitted from host: <192.168.2.254:39732>
...
013 (492008.000.000) 04/11 11:04:32 Job was released.
	via condor_release (by user condor)
...
001 (492008.000.000) 04/11 11:04:40 Job executing on host: <192.168.2.8:52172>
...
Job start: host=twqcd7, JOB_ID=492008, GPU_ID=0, wdir=/work/d06222003/hw3/Problem_3/GPU_Tex
005 (492008.000.000) 04/11 11:04:41 Job terminated.
	(1) Normal termination (return value 0)
		Usr 0 00:00:00, Sys 0 00:00:00  -  Run Remote Usage
		Usr 0 00:00:00, Sys 0 00:00:00  -  Run Local Usage
		Usr 0 00:00:00, Sys 0 00:00:00  -  Total Remote Usage
		Usr 0 00:00:00, Sys 0 00:00:00  -  Total Local Usage
	0  -  Run Bytes Sent By Job
	0  -  Run Bytes Received By Job
	0  -  Total Bytes Sent By Job
	0  -  Total Bytes Received By Job
...
000 (492082.000.000) 04/11 14:51:15 Job submitted from host: <192.168.2.254:39732>
...
000 (492083.000.000) 04/11 14:51:17 Job submitted from host: <192.168.2.254:39732>
...
000 (492084.000.000) 04/11 14:51:18 Job submitted from host: <192.168.2.254:39732>
...
000 (492085.000.000) 04/11 14:51:19 Job submitted from host: <192.168.2.254:39732>
...
000 (492086.000.000) 04/11 14:51:21 Job submitted from host: <192.168.2.254:39732>
...
000 (492087.000.000) 04/11 14:51:22 Job submitted from host: <192.168.2.254:39732>
...
000 (492088.000.000) 04/11 14:51:23 Job submitted from host: <192.168.2.254:39732>
...
000 (492089.000.000) 04/11 14:51:25 Job submitted from host: <192.168.2.254:39732>
...
013 (492082.000.000) 04/11 14:51:26 Job was released.
	via condor_release (by user condor)
...
000 (492090.000.000) 04/11 14:51:26 Job submitted from host: <192.168.2.254:39732>
...
013 (492083.000.000) 04/11 14:51:42 Job was released.
	via condor_release (by user condor)
...
001 (492082.000.000) 04/11 14:51:43 Job executing on host: <192.168.2.8:52172>
...
005 (492082.000.000) 04/11 14:51:43 Job terminated.
	(1) Normal termination (return value 1)
		Usr 0 00:00:00, Sys 0 00:00:00  -  Run Remote Usage
		Usr 0 00:00:00, Sys 0 00:00:00  -  Run Local Usage
		Usr 0 00:00:00, Sys 0 00:00:00  -  Total Remote Usage
		Usr 0 00:00:00, Sys 0 00:00:00  -  Total Local Usage
	0  -  Run Bytes Sent By Job
	0  -  Run Bytes Received By Job
	0  -  Total Bytes Sent By Job
	0  -  Total Bytes Received By Job
...
001 (492083.000.000) 04/11 14:51:43 Job executing on host: <192.168.2.8:52172>
...
005 (492083.000.000) 04/11 14:51:43 Job terminated.
	(1) Normal termination (return value 1)
		Usr 0 00:00:00, Sys 0 00:00:00  -  Run Remote Usage
		Usr 0 00:00:00, Sys 0 00:00:00  -  Run Local Usage
		Usr 0 00:00:00, Sys 0 00:00:00  -  Total Remote Usage
		Usr 0 00:00:00, Sys 0 00:00:00  -  Total Local Usage
	0  -  Run Bytes Sent By Job
	0  -  Run Bytes Received By Job
	0  -  Total Bytes Sent By Job
	0  -  Total Bytes Received By Job
...
013 (492084.000.000) 04/11 14:51:59 Job was released.
	via condor_release (by user condor)
...
001 (492084.000.000) 04/11 14:52:23 Job executing on host: <192.168.2.8:52172>
...
005 (492084.000.000) 04/11 14:52:23 Job terminated.
	(1) Normal termination (return value 1)
		Usr 0 00:00:00, Sys 0 00:00:00  -  Run Remote Usage
		Usr 0 00:00:00, Sys 0 00:00:00  -  Run Local Usage
		Usr 0 00:00:00, Sys 0 00:00:00  -  Total Remote Usage
		Usr 0 00:00:00, Sys 0 00:00:00  -  Total Local Usage
	0  -  Run Bytes Sent By Job
	0  -  Run Bytes Received By Job
	0  -  Total Bytes Sent By Job
	0  -  Total Bytes Received By Job
...
013 (492085.000.000) 04/11 14:52:32 Job was released.
	via condor_release (by user condor)
...
001 (492085.000.000) 04/11 14:52:43 Job executing on host: <192.168.2.8:52172>
...
005 (492085.000.000) 04/11 14:52:44 Job terminated.
	(1) Normal termination (return value 1)
		Usr 0 00:00:00, Sys 0 00:00:00  -  Run Remote Usage
		Usr 0 00:00:00, Sys 0 00:00:00  -  Run Local Usage
		Usr 0 00:00:00, Sys 0 00:00:00  -  Total Remote Usage
		Usr 0 00:00:00, Sys 0 00:00:00  -  Total Local Usage
	0  -  Run Bytes Sent By Job
	0  -  Run Bytes Received By Job
	0  -  Total Bytes Sent By Job
	0  -  Total Bytes Received By Job
...
013 (492086.000.000) 04/11 14:52:49 Job was released.
	via condor_release (by user condor)
...
001 (492086.000.000) 04/11 14:53:04 Job executing on host: <192.168.2.8:52172>
...
005 (492086.000.000) 04/11 14:53:04 Job terminated.
	(1) Normal termination (return value 1)
		Usr 0 00:00:00, Sys 0 00:00:00  -  Run Remote Usage
		Usr 0 00:00:00, Sys 0 00:00:00  -  Run Local Usage
		Usr 0 00:00:00, Sys 0 00:00:00  -  Total Remote Usage
		Usr 0 00:00:00, Sys 0 00:00:00  -  Total Local Usage
	0  -  Run Bytes Sent By Job
	0  -  Run Bytes Received By Job
	0  -  Total Bytes Sent By Job
	0  -  Total Bytes Received By Job
...
013 (492087.000.000) 04/11 14:53:06 Job was released.
	via condor_release (by user condor)
...
001 (492087.000.000) 04/11 14:53:24 Job executing on host: <192.168.2.8:52172>
...
005 (492087.000.000) 04/11 14:53:24 Job terminated.
	(1) Normal termination (return value 1)
		Usr 0 00:00:00, Sys 0 00:00:00  -  Run Remote Usage
		Usr 0 00:00:00, Sys 0 00:00:00  -  Run Local Usage
		Usr 0 00:00:00, Sys 0 00:00:00  -  Total Remote Usage
		Usr 0 00:00:00, Sys 0 00:00:00  -  Total Local Usage
	0  -  Run Bytes Sent By Job
	0  -  Run Bytes Received By Job
	0  -  Total Bytes Sent By Job
	0  -  Total Bytes Received By Job
...
013 (492088.000.000) 04/11 14:53:39 Job was released.
	via condor_release (by user condor)
...
001 (492088.000.000) 04/11 14:53:44 Job executing on host: <192.168.2.59:53061>
...
005 (492088.000.000) 04/11 14:53:44 Job terminated.
	(1) Normal termination (return value 1)
		Usr 0 00:00:00, Sys 0 00:00:00  -  Run Remote Usage
		Usr 0 00:00:00, Sys 0 00:00:00  -  Run Local Usage
		Usr 0 00:00:00, Sys 0 00:00:00  -  Total Remote Usage
		Usr 0 00:00:00, Sys 0 00:00:00  -  Total Local Usage
	0  -  Run Bytes Sent By Job
	0  -  Run Bytes Received By Job
	0  -  Total Bytes Sent By Job
	0  -  Total Bytes Received By Job
...
013 (492089.000.000) 04/11 14:53:55 Job was released.
	via condor_release (by user condor)
...
001 (492089.000.000) 04/11 14:54:05 Job executing on host: <192.168.2.8:52172>
...
005 (492089.000.000) 04/11 14:54:05 Job terminated.
	(1) Normal termination (return value 1)
		Usr 0 00:00:00, Sys 0 00:00:00  -  Run Remote Usage
		Usr 0 00:00:00, Sys 0 00:00:00  -  Run Local Usage
		Usr 0 00:00:00, Sys 0 00:00:00  -  Total Remote Usage
		Usr 0 00:00:00, Sys 0 00:00:00  -  Total Local Usage
	0  -  Run Bytes Sent By Job
	0  -  Run Bytes Received By Job
	0  -  Total Bytes Sent By Job
	0  -  Total Bytes Received By Job
...
013 (492090.000.000) 04/11 14:54:12 Job was released.
	via condor_release (by user condor)
...
001 (492090.000.000) 04/11 14:54:25 Job executing on host: <192.168.2.59:53061>
...
005 (492090.000.000) 04/11 14:54:25 Job terminated.
	(1) Normal termination (return value 1)
		Usr 0 00:00:00, Sys 0 00:00:00  -  Run Remote Usage
		Usr 0 00:00:00, Sys 0 00:00:00  -  Run Local Usage
		Usr 0 00:00:00, Sys 0 00:00:00  -  Total Remote Usage
		Usr 0 00:00:00, Sys 0 00:00:00  -  Total Local Usage
	0  -  Run Bytes Sent By Job
	0  -  Run Bytes Received By Job
	0  -  Total Bytes Sent By Job
	0  -  Total Bytes Received By Job
...
000 (492091.000.000) 04/11 14:58:16 Job submitted from host: <192.168.2.254:39732>
...
000 (492092.000.000) 04/11 14:58:17 Job submitted from host: <192.168.2.254:39732>
...
000 (492093.000.000) 04/11 14:58:18 Job submitted from host: <192.168.2.254:39732>
...
013 (492091.000.000) 04/11 14:58:19 Job was released.
	via condor_release (by user condor)
...
000 (492094.000.000) 04/11 14:58:20 Job submitted from host: <192.168.2.254:39732>
...
000 (492095.000.000) 04/11 14:58:21 Job submitted from host: <192.168.2.254:39732>
...
000 (492096.000.000) 04/11 14:58:22 Job submitted from host: <192.168.2.254:39732>
...
000 (492097.000.000) 04/11 14:58:24 Job submitted from host: <192.168.2.254:39732>
...
000 (492098.000.000) 04/11 14:58:25 Job submitted from host: <192.168.2.254:39732>
...
000 (492099.000.000) 04/11 14:58:26 Job submitted from host: <192.168.2.254:39732>
...
001 (492091.000.000) 04/11 14:58:37 Job executing on host: <192.168.2.8:52172>
...
005 (492091.000.000) 04/11 14:58:37 Job terminated.
	(1) Normal termination (return value 1)
		Usr 0 00:00:00, Sys 0 00:00:00  -  Run Remote Usage
		Usr 0 00:00:00, Sys 0 00:00:00  -  Run Local Usage
		Usr 0 00:00:00, Sys 0 00:00:00  -  Total Remote Usage
		Usr 0 00:00:00, Sys 0 00:00:00  -  Total Local Usage
	0  -  Run Bytes Sent By Job
	0  -  Run Bytes Received By Job
	0  -  Total Bytes Sent By Job
	0  -  Total Bytes Received By Job
...
013 (492092.000.000) 04/11 14:58:52 Job was released.
	via condor_release (by user condor)
...
001 (492092.000.000) 04/11 14:58:58 Job executing on host: <192.168.2.8:52172>
...
005 (492092.000.000) 04/11 14:58:58 Job terminated.
	(1) Normal termination (return value 1)
		Usr 0 00:00:00, Sys 0 00:00:00  -  Run Remote Usage
		Usr 0 00:00:00, Sys 0 00:00:00  -  Run Local Usage
		Usr 0 00:00:00, Sys 0 00:00:00  -  Total Remote Usage
		Usr 0 00:00:00, Sys 0 00:00:00  -  Total Local Usage
	0  -  Run Bytes Sent By Job
	0  -  Run Bytes Received By Job
	0  -  Total Bytes Sent By Job
	0  -  Total Bytes Received By Job
...
013 (492093.000.000) 04/11 14:59:09 Job was released.
	via condor_release (by user condor)
...
001 (492093.000.000) 04/11 14:59:18 Job executing on host: <192.168.2.8:52172>
...
005 (492093.000.000) 04/11 14:59:18 Job terminated.
	(1) Normal termination (return value 1)
		Usr 0 00:00:00, Sys 0 00:00:00  -  Run Remote Usage
		Usr 0 00:00:00, Sys 0 00:00:00  -  Run Local Usage
		Usr 0 00:00:00, Sys 0 00:00:00  -  Total Remote Usage
		Usr 0 00:00:00, Sys 0 00:00:00  -  Total Local Usage
	0  -  Run Bytes Sent By Job
	0  -  Run Bytes Received By Job
	0  -  Total Bytes Sent By Job
	0  -  Total Bytes Received By Job
...
013 (492094.000.000) 04/11 14:59:26 Job was released.
	via condor_release (by user condor)
...
001 (492094.000.000) 04/11 14:59:38 Job executing on host: <192.168.2.8:52172>
...
005 (492094.000.000) 04/11 14:59:38 Job terminated.
	(1) Normal termination (return value 1)
		Usr 0 00:00:00, Sys 0 00:00:00  -  Run Remote Usage
		Usr 0 00:00:00, Sys 0 00:00:00  -  Run Local Usage
		Usr 0 00:00:00, Sys 0 00:00:00  -  Total Remote Usage
		Usr 0 00:00:00, Sys 0 00:00:00  -  Total Local Usage
	0  -  Run Bytes Sent By Job
	0  -  Run Bytes Received By Job
	0  -  Total Bytes Sent By Job
	0  -  Total Bytes Received By Job
...
013 (492095.000.000) 04/11 14:59:43 Job was released.
	via condor_release (by user condor)
...
001 (492095.000.000) 04/11 14:59:58 Job executing on host: <192.168.2.8:52172>
...
005 (492095.000.000) 04/11 14:59:58 Job terminated.
	(1) Normal termination (return value 1)
		Usr 0 00:00:00, Sys 0 00:00:00  -  Run Remote Usage
		Usr 0 00:00:00, Sys 0 00:00:00  -  Run Local Usage
		Usr 0 00:00:00, Sys 0 00:00:00  -  Total Remote Usage
		Usr 0 00:00:00, Sys 0 00:00:00  -  Total Local Usage
	0  -  Run Bytes Sent By Job
	0  -  Run Bytes Received By Job
	0  -  Total Bytes Sent By Job
	0  -  Total Bytes Received By Job
...
013 (492096.000.000) 04/11 14:59:59 Job was released.
	via condor_release (by user condor)
...
001 (492096.000.000) 04/11 15:00:18 Job executing on host: <192.168.2.8:52172>
...
005 (492096.000.000) 04/11 15:00:18 Job terminated.
	(1) Normal termination (return value 1)
		Usr 0 00:00:00, Sys 0 00:00:00  -  Run Remote Usage
		Usr 0 00:00:00, Sys 0 00:00:00  -  Run Local Usage
		Usr 0 00:00:00, Sys 0 00:00:00  -  Total Remote Usage
		Usr 0 00:00:00, Sys 0 00:00:00  -  Total Local Usage
	0  -  Run Bytes Sent By Job
	0  -  Run Bytes Received By Job
	0  -  Total Bytes Sent By Job
	0  -  Total Bytes Received By Job
...
009 (492097.000.000) 04/11 15:00:20 Job was aborted by the user.
	via condor_rm (by user d06222003)
...
009 (492098.000.000) 04/11 15:00:23 Job was aborted by the user.
	via condor_rm (by user d06222003)
...
009 (492099.000.000) 04/11 15:00:26 Job was aborted by the user.
	via condor_rm (by user d06222003)
...
000 (492100.000.000) 04/11 15:01:51 Job submitted from host: <192.168.2.254:39732>
...
000 (492101.000.000) 04/11 15:01:53 Job submitted from host: <192.168.2.254:39732>
...
000 (492102.000.000) 04/11 15:01:54 Job submitted from host: <192.168.2.254:39732>
...
013 (492100.000.000) 04/11 15:01:55 Job was released.
	via condor_release (by user condor)
...
000 (492103.000.000) 04/11 15:01:55 Job submitted from host: <192.168.2.254:39732>
...
000 (492104.000.000) 04/11 15:01:57 Job submitted from host: <192.168.2.254:39732>
...
000 (492105.000.000) 04/11 15:01:58 Job submitted from host: <192.168.2.254:39732>
...
000 (492106.000.000) 04/11 15:01:59 Job submitted from host: <192.168.2.254:39732>
...
000 (492107.000.000) 04/11 15:02:01 Job submitted from host: <192.168.2.254:39732>
...
000 (492108.000.000) 04/11 15:02:02 Job submitted from host: <192.168.2.254:39732>
...
001 (492100.000.000) 04/11 15:02:13 Job executing on host: <192.168.2.8:52172>
...
Job start: host=twqcd7, JOB_ID=492100, GPU_ID=0, wdir=/work/d06222003/hw3/Problem_3/GPU_Tex
005 (492100.000.000) 04/11 15:02:15 Job terminated.
	(1) Normal termination (return value 139)
		Usr 0 00:00:00, Sys 0 00:00:00  -  Run Remote Usage
		Usr 0 00:00:00, Sys 0 00:00:00  -  Run Local Usage
		Usr 0 00:00:00, Sys 0 00:00:00  -  Total Remote Usage
		Usr 0 00:00:00, Sys 0 00:00:00  -  Total Local Usage
	0  -  Run Bytes Sent By Job
	0  -  Run Bytes Received By Job
	0  -  Total Bytes Sent By Job
	0  -  Total Bytes Received By Job
...
013 (492101.000.000) 04/11 15:02:28 Job was released.
	via condor_release (by user condor)
...
001 (492101.000.000) 04/11 15:02:33 Job executing on host: <192.168.2.8:52172>
...
Job start: host=twqcd7, JOB_ID=492101, GPU_ID=0, wdir=/work/d06222003/hw3/Problem_3/GPU_Tex
005 (492101.000.000) 04/11 15:02:35 Job terminated.
	(1) Normal termination (return value 139)
		Usr 0 00:00:00, Sys 0 00:00:00  -  Run Remote Usage
		Usr 0 00:00:00, Sys 0 00:00:00  -  Run Local Usage
		Usr 0 00:00:00, Sys 0 00:00:00  -  Total Remote Usage
		Usr 0 00:00:00, Sys 0 00:00:00  -  Total Local Usage
	0  -  Run Bytes Sent By Job
	0  -  Run Bytes Received By Job
	0  -  Total Bytes Sent By Job
	0  -  Total Bytes Received By Job
...
013 (492102.000.000) 04/11 15:02:45 Job was released.
	via condor_release (by user condor)
...
001 (492102.000.000) 04/11 15:02:53 Job executing on host: <192.168.2.8:52172>
...
Job start: host=twqcd7, JOB_ID=492102, GPU_ID=0, wdir=/work/d06222003/hw3/Problem_3/GPU_Tex
005 (492102.000.000) 04/11 15:02:55 Job terminated.
	(1) Normal termination (return value 139)
		Usr 0 00:00:00, Sys 0 00:00:00  -  Run Remote Usage
		Usr 0 00:00:00, Sys 0 00:00:00  -  Run Local Usage
		Usr 0 00:00:00, Sys 0 00:00:00  -  Total Remote Usage
		Usr 0 00:00:00, Sys 0 00:00:00  -  Total Local Usage
	0  -  Run Bytes Sent By Job
	0  -  Run Bytes Received By Job
	0  -  Total Bytes Sent By Job
	0  -  Total Bytes Received By Job
...
013 (492103.000.000) 04/11 15:03:01 Job was released.
	via condor_release (by user condor)
...
001 (492103.000.000) 04/11 15:03:13 Job executing on host: <192.168.2.8:52172>
...
Job start: host=twqcd7, JOB_ID=492103, GPU_ID=0, wdir=/work/d06222003/hw3/Problem_3/GPU_Tex
005 (492103.000.000) 04/11 15:03:15 Job terminated.
	(1) Normal termination (return value 139)
		Usr 0 00:00:00, Sys 0 00:00:00  -  Run Remote Usage
		Usr 0 00:00:00, Sys 0 00:00:00  -  Run Local Usage
		Usr 0 00:00:00, Sys 0 00:00:00  -  Total Remote Usage
		Usr 0 00:00:00, Sys 0 00:00:00  -  Total Local Usage
	0  -  Run Bytes Sent By Job
	0  -  Run Bytes Received By Job
	0  -  Total Bytes Sent By Job
	0  -  Total Bytes Received By Job
...
013 (492104.000.000) 04/11 15:03:18 Job was released.
	via condor_release (by user condor)
...
001 (492104.000.000) 04/11 15:03:35 Job executing on host: <192.168.2.8:52172>
...
Job start: host=twqcd7, JOB_ID=492104, GPU_ID=0, wdir=/work/d06222003/hw3/Problem_3/GPU_Tex
013 (492105.000.000) 04/11 15:03:35 Job was released.
	via condor_release (by user condor)
...
005 (492104.000.000) 04/11 15:03:37 Job terminated.
	(1) Normal termination (return value 139)
		Usr 0 00:00:00, Sys 0 00:00:00  -  Run Remote Usage
		Usr 0 00:00:00, Sys 0 00:00:00  -  Run Local Usage
		Usr 0 00:00:00, Sys 0 00:00:00  -  Total Remote Usage
		Usr 0 00:00:00, Sys 0 00:00:00  -  Total Local Usage
	0  -  Run Bytes Sent By Job
	0  -  Run Bytes Received By Job
	0  -  Total Bytes Sent By Job
	0  -  Total Bytes Received By Job
...
001 (492105.000.000) 04/11 15:03:37 Job executing on host: <192.168.2.8:52172>
...
Job start: host=twqcd7, JOB_ID=492105, GPU_ID=0, wdir=/work/d06222003/hw3/Problem_3/GPU_Tex
005 (492105.000.000) 04/11 15:03:39 Job terminated.
	(1) Normal termination (return value 139)
		Usr 0 00:00:00, Sys 0 00:00:00  -  Run Remote Usage
		Usr 0 00:00:00, Sys 0 00:00:00  -  Run Local Usage
		Usr 0 00:00:00, Sys 0 00:00:00  -  Total Remote Usage
		Usr 0 00:00:00, Sys 0 00:00:00  -  Total Local Usage
	0  -  Run Bytes Sent By Job
	0  -  Run Bytes Received By Job
	0  -  Total Bytes Sent By Job
	0  -  Total Bytes Received By Job
...
013 (492106.000.000) 04/11 15:03:51 Job was released.
	via condor_release (by user condor)
...
001 (492106.000.000) 04/11 15:04:14 Job executing on host: <192.168.2.59:53061>
...
Job start: host=twqcd58, JOB_ID=492106, GPU_ID=0, wdir=/work/d06222003/hw3/Problem_3/GPU_Tex
005 (492106.000.000) 04/11 15:04:16 Job terminated.
	(1) Normal termination (return value 139)
		Usr 0 00:00:00, Sys 0 00:00:00  -  Run Remote Usage
		Usr 0 00:00:00, Sys 0 00:00:00  -  Run Local Usage
		Usr 0 00:00:00, Sys 0 00:00:00  -  Total Remote Usage
		Usr 0 00:00:00, Sys 0 00:00:00  -  Total Local Usage
	0  -  Run Bytes Sent By Job
	0  -  Run Bytes Received By Job
	0  -  Total Bytes Sent By Job
	0  -  Total Bytes Received By Job
...
013 (492107.000.000) 04/11 15:04:25 Job was released.
	via condor_release (by user condor)
...
001 (492107.000.000) 04/11 15:04:34 Job executing on host: <192.168.2.88:55321>
...
Job start: host=twqcd87, JOB_ID=492107, GPU_ID=0, wdir=/work/d06222003/hw3/Problem_3/GPU_Tex
005 (492107.000.000) 04/11 15:04:37 Job terminated.
	(1) Normal termination (return value 139)
		Usr 0 00:00:00, Sys 0 00:00:00  -  Run Remote Usage
		Usr 0 00:00:00, Sys 0 00:00:00  -  Run Local Usage
		Usr 0 00:00:00, Sys 0 00:00:00  -  Total Remote Usage
		Usr 0 00:00:00, Sys 0 00:00:00  -  Total Local Usage
	0  -  Run Bytes Sent By Job
	0  -  Run Bytes Received By Job
	0  -  Total Bytes Sent By Job
	0  -  Total Bytes Received By Job
...
013 (492108.000.000) 04/11 15:04:41 Job was released.
	via condor_release (by user condor)
...
001 (492108.000.000) 04/11 15:04:54 Job executing on host: <192.168.2.88:55321>
...
Job start: host=twqcd87, JOB_ID=492108, GPU_ID=0, wdir=/work/d06222003/hw3/Problem_3/GPU_Tex
005 (492108.000.000) 04/11 15:04:57 Job terminated.
	(1) Normal termination (return value 139)
		Usr 0 00:00:00, Sys 0 00:00:00  -  Run Remote Usage
		Usr 0 00:00:00, Sys 0 00:00:00  -  Run Local Usage
		Usr 0 00:00:00, Sys 0 00:00:00  -  Total Remote Usage
		Usr 0 00:00:00, Sys 0 00:00:00  -  Total Local Usage
	0  -  Run Bytes Sent By Job
	0  -  Run Bytes Received By Job
	0  -  Total Bytes Sent By Job
	0  -  Total Bytes Received By Job
...
000 (492109.000.000) 04/11 15:08:41 Job submitted from host: <192.168.2.254:39732>
...
013 (492109.000.000) 04/11 15:08:49 Job was released.
	via condor_release (by user condor)
...
001 (492109.000.000) 04/11 15:09:03 Job executing on host: <192.168.2.8:52172>
...
Job start: host=twqcd7, JOB_ID=492109, GPU_ID=0, wdir=/work/d06222003/hw3/Problem_3/GPU_Tex
005 (492109.000.000) 04/11 15:09:06 Job terminated.
	(1) Normal termination (return value 139)
		Usr 0 00:00:00, Sys 0 00:00:00  -  Run Remote Usage
		Usr 0 00:00:00, Sys 0 00:00:00  -  Run Local Usage
		Usr 0 00:00:00, Sys 0 00:00:00  -  Total Remote Usage
		Usr 0 00:00:00, Sys 0 00:00:00  -  Total Local Usage
	0  -  Run Bytes Sent By Job
	0  -  Run Bytes Received By Job
	0  -  Total Bytes Sent By Job
	0  -  Total Bytes Received By Job
...
000 (492110.000.000) 04/11 15:16:57 Job submitted from host: <192.168.2.254:39732>
...
013 (492110.000.000) 04/11 15:17:03 Job was released.
	via condor_release (by user condor)
...
001 (492110.000.000) 04/11 15:17:18 Job executing on host: <192.168.2.8:52172>
...
Job start: host=twqcd7, JOB_ID=492110, GPU_ID=0, wdir=/work/d06222003/hw3/Problem_3/GPU_Tex
005 (492110.000.000) 04/11 15:17:21 Job terminated.
	(1) Normal termination (return value 139)
		Usr 0 00:00:00, Sys 0 00:00:00  -  Run Remote Usage
		Usr 0 00:00:00, Sys 0 00:00:00  -  Run Local Usage
		Usr 0 00:00:00, Sys 0 00:00:00  -  Total Remote Usage
		Usr 0 00:00:00, Sys 0 00:00:00  -  Total Local Usage
	0  -  Run Bytes Sent By Job
	0  -  Run Bytes Received By Job
	0  -  Total Bytes Sent By Job
	0  -  Total Bytes Received By Job
...
000 (492111.000.000) 04/11 15:21:54 Job submitted from host: <192.168.2.254:39732>
...
013 (492111.000.000) 04/11 15:22:00 Job was released.
	via condor_release (by user condor)
...
001 (492111.000.000) 04/11 15:22:18 Job executing on host: <192.168.2.8:52172>
...
Job start: host=twqcd7, JOB_ID=492111, GPU_ID=0, wdir=/work/d06222003/hw3/Problem_3/GPU_Tex
005 (492111.000.000) 04/11 15:22:21 Job terminated.
	(1) Normal termination (return value 139)
		Usr 0 00:00:00, Sys 0 00:00:00  -  Run Remote Usage
		Usr 0 00:00:00, Sys 0 00:00:00  -  Run Local Usage
		Usr 0 00:00:00, Sys 0 00:00:00  -  Total Remote Usage
		Usr 0 00:00:00, Sys 0 00:00:00  -  Total Local Usage
	0  -  Run Bytes Sent By Job
	0  -  Run Bytes Received By Job
	0  -  Total Bytes Sent By Job
	0  -  Total Bytes Received By Job
...
000 (492112.000.000) 04/11 15:29:48 Job submitted from host: <192.168.2.254:39732>
...
013 (492112.000.000) 04/11 15:29:58 Job was released.
	via condor_release (by user condor)
...
001 (492112.000.000) 04/11 15:30:10 Job executing on host: <192.168.2.8:52172>
...
Job start: host=twqcd7, JOB_ID=492112, GPU_ID=0, wdir=/work/d06222003/hw3/Problem_3/GPU_Tex
000 (492113.000.000) 04/11 15:30:15 Job submitted from host: <192.168.2.254:39732>
...
009 (492113.000.000) 04/11 15:30:26 Job was aborted by the user.
	via condor_rm (by user d06222003)
...
005 (492112.000.000) 04/11 15:30:27 Job terminated.
	(1) Normal termination (return value 139)
		Usr 0 00:00:12, Sys 0 00:00:02  -  Run Remote Usage
		Usr 0 00:00:00, Sys 0 00:00:00  -  Run Local Usage
		Usr 0 00:00:12, Sys 0 00:00:02  -  Total Remote Usage
		Usr 0 00:00:00, Sys 0 00:00:00  -  Total Local Usage
	0  -  Run Bytes Sent By Job
	0  -  Run Bytes Received By Job
	0  -  Total Bytes Sent By Job
	0  -  Total Bytes Received By Job
...
000 (492114.000.000) 04/11 15:32:15 Job submitted from host: <192.168.2.254:39732>
...
000 (492115.000.000) 04/11 15:32:17 Job submitted from host: <192.168.2.254:39732>
...
000 (492116.000.000) 04/11 15:32:18 Job submitted from host: <192.168.2.254:39732>
...
000 (492117.000.000) 04/11 15:32:19 Job submitted from host: <192.168.2.254:39732>
...
000 (492118.000.000) 04/11 15:32:21 Job submitted from host: <192.168.2.254:39732>
...
000 (492119.000.000) 04/11 15:32:22 Job submitted from host: <192.168.2.254:39732>
...
000 (492120.000.000) 04/11 15:32:23 Job submitted from host: <192.168.2.254:39732>
...
000 (492121.000.000) 04/11 15:32:25 Job submitted from host: <192.168.2.254:39732>
...
000 (492122.000.000) 04/11 15:32:26 Job submitted from host: <192.168.2.254:39732>
...
013 (492114.000.000) 04/11 15:32:26 Job was released.
	via condor_release (by user condor)
...
001 (492114.000.000) 04/11 15:32:31 Job executing on host: <192.168.2.59:53061>
...
Job start: host=twqcd58, JOB_ID=492114, GPU_ID=0, wdir=/work/d06222003/hw3/Problem_3/GPU_Tex
005 (492114.000.000) 04/11 15:32:33 Job terminated.
	(1) Normal termination (return value 139)
		Usr 0 00:00:00, Sys 0 00:00:00  -  Run Remote Usage
		Usr 0 00:00:00, Sys 0 00:00:00  -  Run Local Usage
		Usr 0 00:00:00, Sys 0 00:00:00  -  Total Remote Usage
		Usr 0 00:00:00, Sys 0 00:00:00  -  Total Local Usage
	0  -  Run Bytes Sent By Job
	0  -  Run Bytes Received By Job
	0  -  Total Bytes Sent By Job
	0  -  Total Bytes Received By Job
...
013 (492115.000.000) 04/11 15:32:43 Job was released.
	via condor_release (by user condor)
...
001 (492115.000.000) 04/11 15:32:51 Job executing on host: <192.168.2.59:53061>
...
Job start: host=twqcd58, JOB_ID=492115, GPU_ID=0, wdir=/work/d06222003/hw3/Problem_3/GPU_Tex
005 (492115.000.000) 04/11 15:32:53 Job terminated.
	(1) Normal termination (return value 139)
		Usr 0 00:00:00, Sys 0 00:00:00  -  Run Remote Usage
		Usr 0 00:00:00, Sys 0 00:00:00  -  Run Local Usage
		Usr 0 00:00:00, Sys 0 00:00:00  -  Total Remote Usage
		Usr 0 00:00:00, Sys 0 00:00:00  -  Total Local Usage
	0  -  Run Bytes Sent By Job
	0  -  Run Bytes Received By Job
	0  -  Total Bytes Sent By Job
	0  -  Total Bytes Received By Job
...
013 (492116.000.000) 04/11 15:33:00 Job was released.
	via condor_release (by user condor)
...
001 (492116.000.000) 04/11 15:33:11 Job executing on host: <192.168.2.88:55321>
...
Job start: host=twqcd87, JOB_ID=492116, GPU_ID=0, wdir=/work/d06222003/hw3/Problem_3/GPU_Tex
005 (492116.000.000) 04/11 15:33:13 Job terminated.
	(1) Normal termination (return value 139)
		Usr 0 00:00:00, Sys 0 00:00:00  -  Run Remote Usage
		Usr 0 00:00:00, Sys 0 00:00:00  -  Run Local Usage
		Usr 0 00:00:00, Sys 0 00:00:00  -  Total Remote Usage
		Usr 0 00:00:00, Sys 0 00:00:00  -  Total Local Usage
	0  -  Run Bytes Sent By Job
	0  -  Run Bytes Received By Job
	0  -  Total Bytes Sent By Job
	0  -  Total Bytes Received By Job
...
013 (492117.000.000) 04/11 15:33:17 Job was released.
	via condor_release (by user condor)
...
001 (492117.000.000) 04/11 15:33:31 Job executing on host: <192.168.2.88:55321>
...
Job start: host=twqcd87, JOB_ID=492117, GPU_ID=0, wdir=/work/d06222003/hw3/Problem_3/GPU_Tex
013 (492118.000.000) 04/11 15:33:33 Job was released.
	via condor_release (by user condor)
...
005 (492117.000.000) 04/11 15:33:35 Job terminated.
	(1) Normal termination (return value 139)
		Usr 0 00:00:00, Sys 0 00:00:00  -  Run Remote Usage
		Usr 0 00:00:00, Sys 0 00:00:00  -  Run Local Usage
		Usr 0 00:00:00, Sys 0 00:00:00  -  Total Remote Usage
		Usr 0 00:00:00, Sys 0 00:00:00  -  Total Local Usage
	0  -  Run Bytes Sent By Job
	0  -  Run Bytes Received By Job
	0  -  Total Bytes Sent By Job
	0  -  Total Bytes Received By Job
...
001 (492118.000.000) 04/11 15:33:36 Job executing on host: <192.168.2.88:55321>
...
Job start: host=twqcd87, JOB_ID=492118, GPU_ID=0, wdir=/work/d06222003/hw3/Problem_3/GPU_Tex
005 (492118.000.000) 04/11 15:33:39 Job terminated.
	(1) Normal termination (return value 139)
		Usr 0 00:00:00, Sys 0 00:00:00  -  Run Remote Usage
		Usr 0 00:00:00, Sys 0 00:00:00  -  Run Local Usage
		Usr 0 00:00:00, Sys 0 00:00:00  -  Total Remote Usage
		Usr 0 00:00:00, Sys 0 00:00:00  -  Total Local Usage
	0  -  Run Bytes Sent By Job
	0  -  Run Bytes Received By Job
	0  -  Total Bytes Sent By Job
	0  -  Total Bytes Received By Job
...
013 (492119.000.000) 04/11 15:33:50 Job was released.
	via condor_release (by user condor)
...
001 (492119.000.000) 04/11 15:34:11 Job executing on host: <192.168.2.8:52172>
...
Job start: host=twqcd7, JOB_ID=492119, GPU_ID=0, wdir=/work/d06222003/hw3/Problem_3/GPU_Tex
005 (492119.000.000) 04/11 15:34:14 Job terminated.
	(1) Normal termination (return value 139)
		Usr 0 00:00:00, Sys 0 00:00:00  -  Run Remote Usage
		Usr 0 00:00:00, Sys 0 00:00:00  -  Run Local Usage
		Usr 0 00:00:00, Sys 0 00:00:00  -  Total Remote Usage
		Usr 0 00:00:00, Sys 0 00:00:00  -  Total Local Usage
	0  -  Run Bytes Sent By Job
	0  -  Run Bytes Received By Job
	0  -  Total Bytes Sent By Job
	0  -  Total Bytes Received By Job
...
013 (492120.000.000) 04/11 15:34:23 Job was released.
	via condor_release (by user condor)
...
001 (492120.000.000) 04/11 15:34:32 Job executing on host: <192.168.2.8:52172>
...
Job start: host=twqcd7, JOB_ID=492120, GPU_ID=0, wdir=/work/d06222003/hw3/Problem_3/GPU_Tex
013 (492121.000.000) 04/11 15:34:40 Job was released.
	via condor_release (by user condor)
...
001 (492121.000.000) 04/11 15:34:52 Job executing on host: <192.168.2.8:52172>
...
Job start: host=twqcd7, JOB_ID=492121, GPU_ID=1, wdir=/work/d06222003/hw3/Problem_3/GPU_Tex
013 (492122.000.000) 04/11 15:34:56 Job was released.
	via condor_release (by user condor)
...
005 (492121.000.000) 04/11 15:35:10 Job terminated.
	(1) Normal termination (return value 139)
		Usr 0 00:00:08, Sys 0 00:00:00  -  Run Remote Usage
		Usr 0 00:00:00, Sys 0 00:00:00  -  Run Local Usage
		Usr 0 00:00:08, Sys 0 00:00:00  -  Total Remote Usage
		Usr 0 00:00:00, Sys 0 00:00:00  -  Total Local Usage
	0  -  Run Bytes Sent By Job
	0  -  Run Bytes Received By Job
	0  -  Total Bytes Sent By Job
	0  -  Total Bytes Received By Job
...
001 (492122.000.000) 04/11 15:35:10 Job executing on host: <192.168.2.8:52172>
...
Job start: host=twqcd7, JOB_ID=492122, GPU_ID=1, wdir=/work/d06222003/hw3/Problem_3/GPU_Tex
006 (492122.000.000) 04/11 15:35:19 Image size of job updated: 42295024
...
005 (492122.000.000) 04/11 15:35:26 Job terminated.
	(1) Normal termination (return value 139)
		Usr 0 00:00:05, Sys 0 00:00:00  -  Run Remote Usage
		Usr 0 00:00:00, Sys 0 00:00:00  -  Run Local Usage
		Usr 0 00:00:05, Sys 0 00:00:00  -  Total Remote Usage
		Usr 0 00:00:00, Sys 0 00:00:00  -  Total Local Usage
	0  -  Run Bytes Sent By Job
	0  -  Run Bytes Received By Job
	0  -  Total Bytes Sent By Job
	0  -  Total Bytes Received By Job
...
005 (492120.000.000) 04/11 15:35:45 Job terminated.
	(1) Normal termination (return value 139)
		Usr 0 00:00:53, Sys 0 00:00:05  -  Run Remote Usage
		Usr 0 00:00:00, Sys 0 00:00:00  -  Run Local Usage
		Usr 0 00:00:53, Sys 0 00:00:05  -  Total Remote Usage
		Usr 0 00:00:00, Sys 0 00:00:00  -  Total Local Usage
	0  -  Run Bytes Sent By Job
	0  -  Run Bytes Received By Job
	0  -  Total Bytes Sent By Job
	0  -  Total Bytes Received By Job
...
